{"/home/runner/work/subcults/subcults/web/src/i18n.ts": {"path":"/home/runner/work/subcults/subcults/web/src/i18n.ts","statementMap":{"0":{"start":{"line":12,"column":35},"end":{"line":12,"column":null}},"1":{"start":{"line":16,"column":26},"end":{"line":16,"column":null}},"2":{"start":{"line":19,"column":0},"end":{"line":81,"column":null}},"3":{"start":{"line":77,"column":6},"end":{"line":79,"column":null}},"4":{"start":{"line":78,"column":8},"end":{"line":78,"column":null}}},"fnMap":{"0":{"name":"(anonymous_0)","decl":{"start":{"line":76,"column":23},"end":{"line":76,"column":24}},"loc":{"start":{"line":76,"column":41},"end":{"line":80,"column":null}},"line":76}},"branchMap":{"0":{"loc":{"start":{"line":77,"column":6},"end":{"line":79,"column":null}},"type":"if","locations":[{"start":{"line":77,"column":6},"end":{"line":79,"column":null}},{"start":{},"end":{}}],"line":77}},"s":{"0":3,"1":3,"2":3,"3":0,"4":0},"f":{"0":0},"b":{"0":[0,0]},"meta":{"lastBranch":1,"lastFunction":1,"lastStatement":5,"seen":{"s:12:35:12:Infinity":0,"s:16:26:16:Infinity":1,"s:19:0:81:Infinity":2,"f:76:23:76:24":0,"b:77:6:79:Infinity:undefined:undefined:undefined:undefined":0,"s:77:6:79:Infinity":3,"s:78:8:78:Infinity":4}}}
,"/home/runner/work/subcults/subcults/web/src/components/ClusteredMapView.tsx": {"path":"/home/runner/work/subcults/subcults/web/src/components/ClusteredMapView.tsx","statementMap":{"0":{"start":{"line":37,"column":13},"end":{"line":479,"column":null}},"1":{"start":{"line":38,"column":8},"end":{"line":38,"column":null}},"2":{"start":{"line":39,"column":43},"end":{"line":39,"column":null}},"3":{"start":{"line":40,"column":8},"end":{"line":40,"column":null}},"4":{"start":{"line":41,"column":8},"end":{"line":41,"column":null}},"5":{"start":{"line":44,"column":8},"end":{"line":44,"column":null}},"6":{"start":{"line":45,"column":8},"end":{"line":45,"column":null}},"7":{"start":{"line":46,"column":8},"end":{"line":46,"column":null}},"8":{"start":{"line":49,"column":42},"end":{"line":49,"column":null}},"9":{"start":{"line":50,"column":38},"end":{"line":50,"column":null}},"10":{"start":{"line":51,"column":8},"end":{"line":51,"column":null}},"11":{"start":{"line":54,"column":8},"end":{"line":84,"column":null}},"12":{"start":{"line":56,"column":24},"end":{"line":56,"column":null}},"13":{"start":{"line":57,"column":21},"end":{"line":57,"column":null}},"14":{"start":{"line":58,"column":4},"end":{"line":61,"column":null}},"15":{"start":{"line":59,"column":6},"end":{"line":59,"column":null}},"16":{"start":{"line":60,"column":6},"end":{"line":60,"column":null}},"17":{"start":{"line":63,"column":4},"end":{"line":63,"column":null}},"18":{"start":{"line":64,"column":4},"end":{"line":83,"column":null}},"19":{"start":{"line":65,"column":21},"end":{"line":65,"column":null}},"20":{"start":{"line":66,"column":23},"end":{"line":66,"column":null}},"21":{"start":{"line":67,"column":23},"end":{"line":67,"column":null}},"22":{"start":{"line":69,"column":6},"end":{"line":71,"column":null}},"23":{"start":{"line":70,"column":8},"end":{"line":70,"column":null}},"24":{"start":{"line":73,"column":36},"end":{"line":73,"column":null}},"25":{"start":{"line":76,"column":6},"end":{"line":76,"column":null}},"26":{"start":{"line":77,"column":6},"end":{"line":77,"column":null}},"27":{"start":{"line":79,"column":6},"end":{"line":79,"column":null}},"28":{"start":{"line":82,"column":6},"end":{"line":82,"column":null}},"29":{"start":{"line":87,"column":8},"end":{"line":117,"column":null}},"30":{"start":{"line":88,"column":4},"end":{"line":88,"column":null}},"31":{"start":{"line":88,"column":29},"end":{"line":88,"column":null}},"32":{"start":{"line":90,"column":81},"end":{"line":90,"column":null}},"33":{"start":{"line":93,"column":39},"end":{"line":110,"column":null}},"34":{"start":{"line":113,"column":4},"end":{"line":113,"column":null}},"35":{"start":{"line":116,"column":4},"end":{"line":116,"column":null}},"36":{"start":{"line":121,"column":8},"end":{"line":152,"column":null}},"37":{"start":{"line":127,"column":4},"end":{"line":133,"column":null}},"38":{"start":{"line":128,"column":6},"end":{"line":132,"column":null}},"39":{"start":{"line":136,"column":24},"end":{"line":141,"column":null}},"40":{"start":{"line":143,"column":4},"end":{"line":151,"column":null}},"41":{"start":{"line":155,"column":24},"end":{"line":404,"column":null}},"42":{"start":{"line":157,"column":19},"end":{"line":157,"column":null}},"43":{"start":{"line":158,"column":4},"end":{"line":158,"column":null}},"44":{"start":{"line":160,"column":4},"end":{"line":160,"column":null}},"45":{"start":{"line":163,"column":4},"end":{"line":165,"column":null}},"46":{"start":{"line":164,"column":6},"end":{"line":164,"column":null}},"47":{"start":{"line":166,"column":4},"end":{"line":168,"column":null}},"48":{"start":{"line":167,"column":6},"end":{"line":167,"column":null}},"49":{"start":{"line":171,"column":4},"end":{"line":177,"column":null}},"50":{"start":{"line":180,"column":4},"end":{"line":206,"column":null}},"51":{"start":{"line":209,"column":4},"end":{"line":219,"column":null}},"52":{"start":{"line":222,"column":4},"end":{"line":240,"column":null}},"53":{"start":{"line":243,"column":4},"end":{"line":261,"column":null}},"54":{"start":{"line":264,"column":4},"end":{"line":289,"column":null}},"55":{"start":{"line":265,"column":23},"end":{"line":267,"column":null}},"56":{"start":{"line":269,"column":6},"end":{"line":269,"column":null}},"57":{"start":{"line":269,"column":28},"end":{"line":269,"column":null}},"58":{"start":{"line":271,"column":24},"end":{"line":271,"column":null}},"59":{"start":{"line":272,"column":21},"end":{"line":272,"column":null}},"60":{"start":{"line":274,"column":6},"end":{"line":288,"column":null}},"61":{"start":{"line":276,"column":9},"end":{"line":287,"column":null}},"62":{"start":{"line":277,"column":10},"end":{"line":280,"column":null}},"63":{"start":{"line":278,"column":12},"end":{"line":278,"column":null}},"64":{"start":{"line":279,"column":12},"end":{"line":279,"column":null}},"65":{"start":{"line":281,"column":10},"end":{"line":281,"column":null}},"66":{"start":{"line":281,"column":78},"end":{"line":281,"column":null}},"67":{"start":{"line":283,"column":10},"end":{"line":286,"column":null}},"68":{"start":{"line":292,"column":4},"end":{"line":294,"column":null}},"69":{"start":{"line":293,"column":6},"end":{"line":293,"column":null}},"70":{"start":{"line":295,"column":4},"end":{"line":297,"column":null}},"71":{"start":{"line":296,"column":6},"end":{"line":296,"column":null}},"72":{"start":{"line":300,"column":4},"end":{"line":318,"column":null}},"73":{"start":{"line":301,"column":6},"end":{"line":301,"column":null}},"74":{"start":{"line":303,"column":6},"end":{"line":317,"column":null}},"75":{"start":{"line":304,"column":24},"end":{"line":304,"column":null}},"76":{"start":{"line":305,"column":27},"end":{"line":305,"column":null}},"77":{"start":{"line":306,"column":21},"end":{"line":306,"column":null}},"78":{"start":{"line":309,"column":8},"end":{"line":311,"column":null}},"79":{"start":{"line":310,"column":10},"end":{"line":310,"column":null}},"80":{"start":{"line":313,"column":8},"end":{"line":316,"column":null}},"81":{"start":{"line":314,"column":31},"end":{"line":314,"column":null}},"82":{"start":{"line":315,"column":10},"end":{"line":315,"column":null}},"83":{"start":{"line":320,"column":4},"end":{"line":325,"column":null}},"84":{"start":{"line":321,"column":6},"end":{"line":321,"column":null}},"85":{"start":{"line":322,"column":6},"end":{"line":324,"column":null}},"86":{"start":{"line":323,"column":8},"end":{"line":323,"column":null}},"87":{"start":{"line":328,"column":4},"end":{"line":346,"column":null}},"88":{"start":{"line":329,"column":6},"end":{"line":329,"column":null}},"89":{"start":{"line":331,"column":6},"end":{"line":345,"column":null}},"90":{"start":{"line":332,"column":24},"end":{"line":332,"column":null}},"91":{"start":{"line":333,"column":27},"end":{"line":333,"column":null}},"92":{"start":{"line":334,"column":21},"end":{"line":334,"column":null}},"93":{"start":{"line":337,"column":8},"end":{"line":339,"column":null}},"94":{"start":{"line":338,"column":10},"end":{"line":338,"column":null}},"95":{"start":{"line":341,"column":8},"end":{"line":344,"column":null}},"96":{"start":{"line":342,"column":31},"end":{"line":342,"column":null}},"97":{"start":{"line":343,"column":10},"end":{"line":343,"column":null}},"98":{"start":{"line":348,"column":4},"end":{"line":353,"column":null}},"99":{"start":{"line":349,"column":6},"end":{"line":349,"column":null}},"100":{"start":{"line":350,"column":6},"end":{"line":352,"column":null}},"101":{"start":{"line":351,"column":8},"end":{"line":351,"column":null}},"102":{"start":{"line":356,"column":4},"end":{"line":366,"column":null}},"103":{"start":{"line":357,"column":6},"end":{"line":365,"column":null}},"104":{"start":{"line":358,"column":24},"end":{"line":358,"column":null}},"105":{"start":{"line":359,"column":8},"end":{"line":359,"column":null}},"106":{"start":{"line":362,"column":8},"end":{"line":364,"column":null}},"107":{"start":{"line":363,"column":10},"end":{"line":363,"column":null}},"108":{"start":{"line":369,"column":4},"end":{"line":379,"column":null}},"109":{"start":{"line":370,"column":6},"end":{"line":378,"column":null}},"110":{"start":{"line":371,"column":24},"end":{"line":371,"column":null}},"111":{"start":{"line":372,"column":8},"end":{"line":372,"column":null}},"112":{"start":{"line":375,"column":8},"end":{"line":377,"column":null}},"113":{"start":{"line":376,"column":10},"end":{"line":376,"column":null}},"114":{"start":{"line":382,"column":4},"end":{"line":385,"column":null}},"115":{"start":{"line":383,"column":21},"end":{"line":383,"column":null}},"116":{"start":{"line":384,"column":6},"end":{"line":384,"column":null}},"117":{"start":{"line":388,"column":19},"end":{"line":388,"column":null}},"118":{"start":{"line":389,"column":4},"end":{"line":389,"column":null}},"119":{"start":{"line":392,"column":4},"end":{"line":392,"column":null}},"120":{"start":{"line":393,"column":4},"end":{"line":393,"column":null}},"121":{"start":{"line":395,"column":20},"end":{"line":395,"column":null}},"122":{"start":{"line":396,"column":4},"end":{"line":398,"column":null}},"123":{"start":{"line":397,"column":6},"end":{"line":397,"column":null}},"124":{"start":{"line":401,"column":4},"end":{"line":403,"column":null}},"125":{"start":{"line":402,"column":6},"end":{"line":402,"column":null}},"126":{"start":{"line":407,"column":2},"end":{"line":436,"column":null}},"127":{"start":{"line":408,"column":16},"end":{"line":408,"column":null}},"128":{"start":{"line":409,"column":4},"end":{"line":409,"column":null}},"129":{"start":{"line":409,"column":14},"end":{"line":409,"column":null}},"130":{"start":{"line":411,"column":19},"end":{"line":411,"column":null}},"131":{"start":{"line":412,"column":4},"end":{"line":435,"column":null}},"132":{"start":{"line":414,"column":23},"end":{"line":414,"column":null}},"133":{"start":{"line":415,"column":6},"end":{"line":415,"column":null}},"134":{"start":{"line":418,"column":7},"end":{"line":418,"column":null}},"135":{"start":{"line":421,"column":6},"end":{"line":421,"column":null}},"136":{"start":{"line":422,"column":6},"end":{"line":422,"column":null}},"137":{"start":{"line":424,"column":22},"end":{"line":424,"column":null}},"138":{"start":{"line":425,"column":6},"end":{"line":427,"column":null}},"139":{"start":{"line":426,"column":8},"end":{"line":426,"column":null}},"140":{"start":{"line":430,"column":6},"end":{"line":434,"column":null}},"141":{"start":{"line":431,"column":25},"end":{"line":431,"column":null}},"142":{"start":{"line":432,"column":8},"end":{"line":432,"column":null}},"143":{"start":{"line":433,"column":8},"end":{"line":433,"column":null}},"144":{"start":{"line":439,"column":2},"end":{"line":446,"column":null}},"145":{"start":{"line":440,"column":4},"end":{"line":445,"column":null}},"146":{"start":{"line":441,"column":6},"end":{"line":444,"column":null}},"147":{"start":{"line":442,"column":8},"end":{"line":442,"column":null}},"148":{"start":{"line":443,"column":8},"end":{"line":443,"column":null}},"149":{"start":{"line":449,"column":2},"end":{"line":451,"column":null}},"150":{"start":{"line":450,"column":4},"end":{"line":450,"column":null}},"151":{"start":{"line":452,"column":2},"end":{"line":454,"column":null}},"152":{"start":{"line":453,"column":4},"end":{"line":453,"column":null}},"153":{"start":{"line":457,"column":8},"end":{"line":459,"column":null}},"154":{"start":{"line":458,"column":4},"end":{"line":458,"column":null}},"155":{"start":{"line":462,"column":8},"end":{"line":465,"column":null}},"156":{"start":{"line":463,"column":4},"end":{"line":463,"column":null}},"157":{"start":{"line":467,"column":2},"end":{"line":477,"column":null}}},"fnMap":{"0":{"name":"ClusteredMapView2","decl":{"start":{"line":37,"column":90},"end":{"line":37,"column":107}},"loc":{"start":{"line":37,"column":119},"end":{"line":479,"column":1}},"line":37},"1":{"name":"(anonymous_1)","decl":{"start":{"line":54,"column":41},"end":{"line":54,"column":48}},"loc":{"start":{"line":54,"column":88},"end":{"line":84,"column":5}},"line":54},"2":{"name":"(anonymous_2)","decl":{"start":{"line":87,"column":40},"end":{"line":87,"column":41}},"loc":{"start":{"line":87,"column":70},"end":{"line":117,"column":5}},"line":87},"3":{"name":"(anonymous_3)","decl":{"start":{"line":121,"column":41},"end":{"line":121,"column":null}},"loc":{"start":{"line":125,"column":7},"end":{"line":152,"column":5}},"line":125},"4":{"name":"(anonymous_4)","decl":{"start":{"line":155,"column":24},"end":{"line":155,"column":25}},"loc":{"start":{"line":155,"column":46},"end":{"line":404,"column":null}},"line":155},"5":{"name":"(anonymous_5)","decl":{"start":{"line":264,"column":32},"end":{"line":264,"column":33}},"loc":{"start":{"line":264,"column":39},"end":{"line":289,"column":5}},"line":264},"6":{"name":"(anonymous_6)","decl":{"start":{"line":276,"column":184},"end":{"line":276,"column":185}},"loc":{"start":{"line":276,"column":199},"end":{"line":287,"column":9}},"line":276},"7":{"name":"(anonymous_7)","decl":{"start":{"line":292,"column":37},"end":{"line":292,"column":43}},"loc":{"start":{"line":292,"column":43},"end":{"line":294,"column":5}},"line":292},"8":{"name":"(anonymous_8)","decl":{"start":{"line":295,"column":37},"end":{"line":295,"column":43}},"loc":{"start":{"line":295,"column":43},"end":{"line":297,"column":5}},"line":295},"9":{"name":"(anonymous_9)","decl":{"start":{"line":300,"column":52},"end":{"line":300,"column":53}},"loc":{"start":{"line":300,"column":59},"end":{"line":318,"column":5}},"line":300},"10":{"name":"(anonymous_10)","decl":{"start":{"line":320,"column":52},"end":{"line":320,"column":58}},"loc":{"start":{"line":320,"column":58},"end":{"line":325,"column":5}},"line":320},"11":{"name":"(anonymous_11)","decl":{"start":{"line":328,"column":52},"end":{"line":328,"column":53}},"loc":{"start":{"line":328,"column":59},"end":{"line":346,"column":5}},"line":328},"12":{"name":"(anonymous_12)","decl":{"start":{"line":348,"column":52},"end":{"line":348,"column":58}},"loc":{"start":{"line":348,"column":58},"end":{"line":353,"column":5}},"line":348},"13":{"name":"(anonymous_13)","decl":{"start":{"line":356,"column":47},"end":{"line":356,"column":48}},"loc":{"start":{"line":356,"column":54},"end":{"line":366,"column":5}},"line":356},"14":{"name":"(anonymous_14)","decl":{"start":{"line":369,"column":47},"end":{"line":369,"column":48}},"loc":{"start":{"line":369,"column":54},"end":{"line":379,"column":5}},"line":369},"15":{"name":"(anonymous_15)","decl":{"start":{"line":382,"column":22},"end":{"line":382,"column":28}},"loc":{"start":{"line":382,"column":28},"end":{"line":385,"column":5}},"line":382},"16":{"name":"(anonymous_16)","decl":{"start":{"line":407,"column":12},"end":{"line":407,"column":18}},"loc":{"start":{"line":407,"column":18},"end":{"line":436,"column":5}},"line":407},"17":{"name":"(anonymous_17)","decl":{"start":{"line":430,"column":28},"end":{"line":430,"column":34}},"loc":{"start":{"line":430,"column":34},"end":{"line":434,"column":7}},"line":430},"18":{"name":"(anonymous_18)","decl":{"start":{"line":439,"column":12},"end":{"line":439,"column":18}},"loc":{"start":{"line":439,"column":18},"end":{"line":446,"column":5}},"line":439},"19":{"name":"(anonymous_19)","decl":{"start":{"line":440,"column":11},"end":{"line":440,"column":17}},"loc":{"start":{"line":440,"column":17},"end":{"line":445,"column":null}},"line":440},"20":{"name":"(anonymous_20)","decl":{"start":{"line":457,"column":39},"end":{"line":457,"column":45}},"loc":{"start":{"line":457,"column":45},"end":{"line":459,"column":5}},"line":457},"21":{"name":"(anonymous_21)","decl":{"start":{"line":462,"column":43},"end":{"line":462,"column":44}},"loc":{"start":{"line":462,"column":98},"end":{"line":465,"column":5}},"line":462}},"branchMap":{"0":{"loc":{"start":{"line":58,"column":4},"end":{"line":61,"column":null}},"type":"if","locations":[{"start":{"line":58,"column":4},"end":{"line":61,"column":null}},{"start":{},"end":{}}],"line":58},"1":{"loc":{"start":{"line":65,"column":21},"end":{"line":65,"column":null}},"type":"binary-expr","locations":[{"start":{"line":65,"column":21},"end":{"line":65,"column":53}},{"start":{"line":65,"column":53},"end":{"line":65,"column":null}}],"line":65},"2":{"loc":{"start":{"line":66,"column":23},"end":{"line":66,"column":null}},"type":"cond-expr","locations":[{"start":{"line":66,"column":42},"end":{"line":66,"column":53}},{"start":{"line":66,"column":53},"end":{"line":66,"column":null}}],"line":66},"3":{"loc":{"start":{"line":69,"column":6},"end":{"line":71,"column":null}},"type":"if","locations":[{"start":{"line":69,"column":6},"end":{"line":71,"column":null}},{"start":{},"end":{}}],"line":69},"4":{"loc":{"start":{"line":88,"column":4},"end":{"line":88,"column":null}},"type":"if","locations":[{"start":{"line":88,"column":4},"end":{"line":88,"column":null}},{"start":{},"end":{}}],"line":88},"5":{"loc":{"start":{"line":93,"column":39},"end":{"line":110,"column":null}},"type":"cond-expr","locations":[{"start":{"line":94,"column":8},"end":{"line":102,"column":null}},{"start":{"line":103,"column":8},"end":{"line":110,"column":null}}],"line":93},"6":{"loc":{"start":{"line":98,"column":25},"end":{"line":98,"column":null}},"type":"binary-expr","locations":[{"start":{"line":98,"column":25},"end":{"line":98,"column":42}},{"start":{"line":98,"column":42},"end":{"line":98,"column":null}}],"line":98},"7":{"loc":{"start":{"line":99,"column":26},"end":{"line":99,"column":null}},"type":"binary-expr","locations":[{"start":{"line":99,"column":26},"end":{"line":99,"column":44}},{"start":{"line":99,"column":44},"end":{"line":99,"column":null}}],"line":99},"8":{"loc":{"start":{"line":100,"column":16},"end":{"line":100,"column":null}},"type":"cond-expr","locations":[{"start":{"line":100,"column":23},"end":{"line":100,"column":41}},{"start":{"line":100,"column":41},"end":{"line":100,"column":null}}],"line":100},"9":{"loc":{"start":{"line":101,"column":22},"end":{"line":101,"column":null}},"type":"binary-expr","locations":[{"start":{"line":101,"column":22},"end":{"line":101,"column":55}},{"start":{"line":101,"column":55},"end":{"line":101,"column":null}}],"line":101},"10":{"loc":{"start":{"line":105,"column":20},"end":{"line":105,"column":null}},"type":"binary-expr","locations":[{"start":{"line":105,"column":20},"end":{"line":105,"column":51}},{"start":{"line":105,"column":51},"end":{"line":105,"column":null}}],"line":105},"11":{"loc":{"start":{"line":108,"column":25},"end":{"line":108,"column":null}},"type":"binary-expr","locations":[{"start":{"line":108,"column":25},"end":{"line":108,"column":42}},{"start":{"line":108,"column":42},"end":{"line":108,"column":null}}],"line":108},"12":{"loc":{"start":{"line":109,"column":26},"end":{"line":109,"column":null}},"type":"binary-expr","locations":[{"start":{"line":109,"column":26},"end":{"line":109,"column":44}},{"start":{"line":109,"column":44},"end":{"line":109,"column":null}}],"line":109},"13":{"loc":{"start":{"line":127,"column":4},"end":{"line":133,"column":null}},"type":"if","locations":[{"start":{"line":127,"column":4},"end":{"line":133,"column":null}},{"start":{},"end":{}}],"line":127},"14":{"loc":{"start":{"line":163,"column":4},"end":{"line":165,"column":null}},"type":"if","locations":[{"start":{"line":163,"column":4},"end":{"line":165,"column":null}},{"start":{},"end":{}}],"line":163},"15":{"loc":{"start":{"line":166,"column":4},"end":{"line":168,"column":null}},"type":"if","locations":[{"start":{"line":166,"column":4},"end":{"line":168,"column":null}},{"start":{},"end":{}}],"line":166},"16":{"loc":{"start":{"line":269,"column":6},"end":{"line":269,"column":null}},"type":"if","locations":[{"start":{"line":269,"column":6},"end":{"line":269,"column":null}},{"start":{},"end":{}}],"line":269},"17":{"loc":{"start":{"line":274,"column":6},"end":{"line":288,"column":null}},"type":"if","locations":[{"start":{"line":274,"column":6},"end":{"line":288,"column":null}},{"start":{},"end":{}}],"line":274},"18":{"loc":{"start":{"line":274,"column":10},"end":{"line":274,"column":84}},"type":"binary-expr","locations":[{"start":{"line":274,"column":10},"end":{"line":274,"column":20}},{"start":{"line":274,"column":20},"end":{"line":274,"column":59}},{"start":{"line":274,"column":59},"end":{"line":274,"column":84}}],"line":274},"19":{"loc":{"start":{"line":277,"column":10},"end":{"line":280,"column":null}},"type":"if","locations":[{"start":{"line":277,"column":10},"end":{"line":280,"column":null}},{"start":{},"end":{}}],"line":277},"20":{"loc":{"start":{"line":281,"column":10},"end":{"line":281,"column":null}},"type":"if","locations":[{"start":{"line":281,"column":10},"end":{"line":281,"column":null}},{"start":{},"end":{}}],"line":281},"21":{"loc":{"start":{"line":281,"column":14},"end":{"line":281,"column":78}},"type":"binary-expr","locations":[{"start":{"line":281,"column":14},"end":{"line":281,"column":39}},{"start":{"line":281,"column":39},"end":{"line":281,"column":78}}],"line":281},"22":{"loc":{"start":{"line":285,"column":18},"end":{"line":285,"column":null}},"type":"cond-expr","locations":[{"start":{"line":285,"column":34},"end":{"line":285,"column":41}},{"start":{"line":285,"column":41},"end":{"line":285,"column":null}}],"line":285},"23":{"loc":{"start":{"line":303,"column":6},"end":{"line":317,"column":null}},"type":"if","locations":[{"start":{"line":303,"column":6},"end":{"line":317,"column":null}},{"start":{},"end":{}}],"line":303},"24":{"loc":{"start":{"line":303,"column":10},"end":{"line":303,"column":47}},"type":"binary-expr","locations":[{"start":{"line":303,"column":10},"end":{"line":303,"column":24}},{"start":{"line":303,"column":24},"end":{"line":303,"column":47}}],"line":303},"25":{"loc":{"start":{"line":306,"column":21},"end":{"line":306,"column":null}},"type":"binary-expr","locations":[{"start":{"line":306,"column":21},"end":{"line":306,"column":49}},{"start":{"line":306,"column":49},"end":{"line":306,"column":null}}],"line":306},"26":{"loc":{"start":{"line":309,"column":8},"end":{"line":311,"column":null}},"type":"if","locations":[{"start":{"line":309,"column":8},"end":{"line":311,"column":null}},{"start":{},"end":{}}],"line":309},"27":{"loc":{"start":{"line":313,"column":8},"end":{"line":316,"column":null}},"type":"if","locations":[{"start":{"line":313,"column":8},"end":{"line":316,"column":null}},{"start":{},"end":{}}],"line":313},"28":{"loc":{"start":{"line":322,"column":6},"end":{"line":324,"column":null}},"type":"if","locations":[{"start":{"line":322,"column":6},"end":{"line":324,"column":null}},{"start":{},"end":{}}],"line":322},"29":{"loc":{"start":{"line":331,"column":6},"end":{"line":345,"column":null}},"type":"if","locations":[{"start":{"line":331,"column":6},"end":{"line":345,"column":null}},{"start":{},"end":{}}],"line":331},"30":{"loc":{"start":{"line":331,"column":10},"end":{"line":331,"column":47}},"type":"binary-expr","locations":[{"start":{"line":331,"column":10},"end":{"line":331,"column":24}},{"start":{"line":331,"column":24},"end":{"line":331,"column":47}}],"line":331},"31":{"loc":{"start":{"line":334,"column":21},"end":{"line":334,"column":null}},"type":"binary-expr","locations":[{"start":{"line":334,"column":21},"end":{"line":334,"column":49}},{"start":{"line":334,"column":49},"end":{"line":334,"column":null}}],"line":334},"32":{"loc":{"start":{"line":337,"column":8},"end":{"line":339,"column":null}},"type":"if","locations":[{"start":{"line":337,"column":8},"end":{"line":339,"column":null}},{"start":{},"end":{}}],"line":337},"33":{"loc":{"start":{"line":341,"column":8},"end":{"line":344,"column":null}},"type":"if","locations":[{"start":{"line":341,"column":8},"end":{"line":344,"column":null}},{"start":{},"end":{}}],"line":341},"34":{"loc":{"start":{"line":350,"column":6},"end":{"line":352,"column":null}},"type":"if","locations":[{"start":{"line":350,"column":6},"end":{"line":352,"column":null}},{"start":{},"end":{}}],"line":350},"35":{"loc":{"start":{"line":357,"column":6},"end":{"line":365,"column":null}},"type":"if","locations":[{"start":{"line":357,"column":6},"end":{"line":365,"column":null}},{"start":{},"end":{}}],"line":357},"36":{"loc":{"start":{"line":357,"column":10},"end":{"line":357,"column":47}},"type":"binary-expr","locations":[{"start":{"line":357,"column":10},"end":{"line":357,"column":24}},{"start":{"line":357,"column":24},"end":{"line":357,"column":47}}],"line":357},"37":{"loc":{"start":{"line":362,"column":8},"end":{"line":364,"column":null}},"type":"if","locations":[{"start":{"line":362,"column":8},"end":{"line":364,"column":null}},{"start":{},"end":{}}],"line":362},"38":{"loc":{"start":{"line":370,"column":6},"end":{"line":378,"column":null}},"type":"if","locations":[{"start":{"line":370,"column":6},"end":{"line":378,"column":null}},{"start":{},"end":{}}],"line":370},"39":{"loc":{"start":{"line":370,"column":10},"end":{"line":370,"column":47}},"type":"binary-expr","locations":[{"start":{"line":370,"column":10},"end":{"line":370,"column":24}},{"start":{"line":370,"column":24},"end":{"line":370,"column":47}}],"line":370},"40":{"loc":{"start":{"line":375,"column":8},"end":{"line":377,"column":null}},"type":"if","locations":[{"start":{"line":375,"column":8},"end":{"line":377,"column":null}},{"start":{},"end":{}}],"line":375},"41":{"loc":{"start":{"line":396,"column":4},"end":{"line":398,"column":null}},"type":"if","locations":[{"start":{"line":396,"column":4},"end":{"line":398,"column":null}},{"start":{},"end":{}}],"line":396},"42":{"loc":{"start":{"line":401,"column":4},"end":{"line":403,"column":null}},"type":"if","locations":[{"start":{"line":401,"column":4},"end":{"line":403,"column":null}},{"start":{},"end":{}}],"line":401},"43":{"loc":{"start":{"line":409,"column":4},"end":{"line":409,"column":null}},"type":"if","locations":[{"start":{"line":409,"column":4},"end":{"line":409,"column":null}},{"start":{},"end":{}}],"line":409},"44":{"loc":{"start":{"line":412,"column":4},"end":{"line":435,"column":null}},"type":"if","locations":[{"start":{"line":412,"column":4},"end":{"line":435,"column":null}},{"start":{},"end":{}}],"line":412},"45":{"loc":{"start":{"line":412,"column":8},"end":{"line":412,"column":39}},"type":"binary-expr","locations":[{"start":{"line":412,"column":8},"end":{"line":412,"column":18}},{"start":{"line":412,"column":18},"end":{"line":412,"column":39}}],"line":412},"46":{"loc":{"start":{"line":425,"column":6},"end":{"line":427,"column":null}},"type":"if","locations":[{"start":{"line":425,"column":6},"end":{"line":427,"column":null}},{"start":{},"end":{}}],"line":425},"47":{"loc":{"start":{"line":441,"column":6},"end":{"line":444,"column":null}},"type":"if","locations":[{"start":{"line":441,"column":6},"end":{"line":444,"column":null}},{"start":{},"end":{}}],"line":441},"48":{"loc":{"start":{"line":449,"column":2},"end":{"line":451,"column":null}},"type":"if","locations":[{"start":{"line":449,"column":2},"end":{"line":451,"column":null}},{"start":{},"end":{}}],"line":449},"49":{"loc":{"start":{"line":452,"column":2},"end":{"line":454,"column":null}},"type":"if","locations":[{"start":{"line":452,"column":2},"end":{"line":454,"column":null}},{"start":{},"end":{}}],"line":452},"50":{"loc":{"start":{"line":469,"column":31},"end":{"line":469,"column":46}},"type":"binary-expr","locations":[{"start":{"line":469,"column":31},"end":{"line":469,"column":38}},{"start":{"line":469,"column":38},"end":{"line":469,"column":46}}],"line":469}},"s":{"0":1,"1":10,"2":10,"3":10,"4":10,"5":10,"6":10,"7":10,"8":10,"9":10,"10":10,"11":10,"12":0,"13":0,"14":0,"15":0,"16":0,"17":0,"18":0,"19":0,"20":0,"21":0,"22":0,"23":0,"24":0,"25":0,"26":0,"27":0,"28":0,"29":10,"30":0,"31":0,"32":0,"33":0,"34":0,"35":0,"36":10,"37":0,"38":0,"39":0,"40":0,"41":10,"42":10,"43":10,"44":10,"45":10,"46":10,"47":10,"48":10,"49":10,"50":10,"51":10,"52":10,"53":10,"54":10,"55":0,"56":0,"57":0,"58":0,"59":0,"60":0,"61":0,"62":0,"63":0,"64":0,"65":0,"66":0,"67":0,"68":10,"69":0,"70":10,"71":0,"72":10,"73":0,"74":0,"75":0,"76":0,"77":0,"78":0,"79":0,"80":0,"81":0,"82":0,"83":10,"84":0,"85":0,"86":0,"87":10,"88":0,"89":0,"90":0,"91":0,"92":0,"93":0,"94":0,"95":0,"96":0,"97":0,"98":10,"99":0,"100":0,"101":0,"102":10,"103":0,"104":0,"105":0,"106":0,"107":0,"108":10,"109":0,"110":0,"111":0,"112":0,"113":0,"114":10,"115":0,"116":0,"117":10,"118":10,"119":10,"120":10,"121":10,"122":10,"123":10,"124":10,"125":1,"126":10,"127":10,"128":10,"129":10,"130":0,"131":0,"132":0,"133":0,"134":0,"135":0,"136":0,"137":0,"138":0,"139":0,"140":0,"141":0,"142":0,"143":0,"144":10,"145":10,"146":10,"147":0,"148":0,"149":10,"150":0,"151":10,"152":0,"153":10,"154":0,"155":10,"156":0,"157":10},"f":{"0":10,"1":0,"2":0,"3":0,"4":10,"5":0,"6":0,"7":0,"8":0,"9":0,"10":0,"11":0,"12":0,"13":0,"14":0,"15":0,"16":10,"17":0,"18":10,"19":10,"20":0,"21":0},"b":{"0":[0,0],"1":[0,0],"2":[0,0],"3":[0,0],"4":[0,0],"5":[0,0],"6":[0,0],"7":[0,0],"8":[0,0],"9":[0,0],"10":[0,0],"11":[0,0],"12":[0,0],"13":[0,0],"14":[10,0],"15":[10,0],"16":[0,0],"17":[0,0],"18":[0,0,0],"19":[0,0],"20":[0,0],"21":[0,0],"22":[0,0],"23":[0,0],"24":[0,0],"25":[0,0],"26":[0,0],"27":[0,0],"28":[0,0],"29":[0,0],"30":[0,0],"31":[0,0],"32":[0,0],"33":[0,0],"34":[0,0],"35":[0,0],"36":[0,0],"37":[0,0],"38":[0,0],"39":[0,0],"40":[0,0],"41":[10,0],"42":[1,9],"43":[10,0],"44":[0,0],"45":[0,0],"46":[0,0],"47":[0,10],"48":[0,10],"49":[0,10],"50":[10,10]},"meta":{"lastBranch":51,"lastFunction":22,"lastStatement":158,"seen":{"s:37:13:479:Infinity":0,"f:37:90:37:107":0,"s:38:8:38:Infinity":1,"s:39:43:39:Infinity":2,"s:40:8:40:Infinity":3,"s:41:8:41:Infinity":4,"s:44:8:44:Infinity":5,"s:45:8:45:Infinity":6,"s:46:8:46:Infinity":7,"s:49:42:49:Infinity":8,"s:50:38:50:Infinity":9,"s:51:8:51:Infinity":10,"s:54:8:84:Infinity":11,"f:54:41:54:48":1,"s:56:24:56:Infinity":12,"s:57:21:57:Infinity":13,"b:58:4:61:Infinity:undefined:undefined:undefined:undefined":0,"s:58:4:61:Infinity":14,"s:59:6:59:Infinity":15,"s:60:6:60:Infinity":16,"s:63:4:63:Infinity":17,"s:64:4:83:Infinity":18,"s:65:21:65:Infinity":19,"b:65:21:65:53:65:53:65:Infinity":1,"s:66:23:66:Infinity":20,"b:66:42:66:53:66:53:66:Infinity":2,"s:67:23:67:Infinity":21,"b:69:6:71:Infinity:undefined:undefined:undefined:undefined":3,"s:69:6:71:Infinity":22,"s:70:8:70:Infinity":23,"s:73:36:73:Infinity":24,"s:76:6:76:Infinity":25,"s:77:6:77:Infinity":26,"s:79:6:79:Infinity":27,"s:82:6:82:Infinity":28,"s:87:8:117:Infinity":29,"f:87:40:87:41":2,"b:88:4:88:Infinity:undefined:undefined:undefined:undefined":4,"s:88:4:88:Infinity":30,"s:88:29:88:Infinity":31,"s:90:81:90:Infinity":32,"s:93:39:110:Infinity":33,"b:94:8:102:Infinity:103:8:110:Infinity":5,"b:98:25:98:42:98:42:98:Infinity":6,"b:99:26:99:44:99:44:99:Infinity":7,"b:100:23:100:41:100:41:100:Infinity":8,"b:101:22:101:55:101:55:101:Infinity":9,"b:105:20:105:51:105:51:105:Infinity":10,"b:108:25:108:42:108:42:108:Infinity":11,"b:109:26:109:44:109:44:109:Infinity":12,"s:113:4:113:Infinity":34,"s:116:4:116:Infinity":35,"s:121:8:152:Infinity":36,"f:121:41:121:Infinity":3,"b:127:4:133:Infinity:undefined:undefined:undefined:undefined":13,"s:127:4:133:Infinity":37,"s:128:6:132:Infinity":38,"s:136:24:141:Infinity":39,"s:143:4:151:Infinity":40,"s:155:24:404:Infinity":41,"f:155:24:155:25":4,"s:157:19:157:Infinity":42,"s:158:4:158:Infinity":43,"s:160:4:160:Infinity":44,"b:163:4:165:Infinity:undefined:undefined:undefined:undefined":14,"s:163:4:165:Infinity":45,"s:164:6:164:Infinity":46,"b:166:4:168:Infinity:undefined:undefined:undefined:undefined":15,"s:166:4:168:Infinity":47,"s:167:6:167:Infinity":48,"s:171:4:177:Infinity":49,"s:180:4:206:Infinity":50,"s:209:4:219:Infinity":51,"s:222:4:240:Infinity":52,"s:243:4:261:Infinity":53,"s:264:4:289:Infinity":54,"f:264:32:264:33":5,"s:265:23:267:Infinity":55,"b:269:6:269:Infinity:undefined:undefined:undefined:undefined":16,"s:269:6:269:Infinity":56,"s:269:28:269:Infinity":57,"s:271:24:271:Infinity":58,"s:272:21:272:Infinity":59,"b:274:6:288:Infinity:undefined:undefined:undefined:undefined":17,"s:274:6:288:Infinity":60,"b:274:10:274:20:274:20:274:59:274:59:274:84":18,"s:276:9:287:Infinity":61,"f:276:184:276:185":6,"b:277:10:280:Infinity:undefined:undefined:undefined:undefined":19,"s:277:10:280:Infinity":62,"s:278:12:278:Infinity":63,"s:279:12:279:Infinity":64,"b:281:10:281:Infinity:undefined:undefined:undefined:undefined":20,"s:281:10:281:Infinity":65,"b:281:14:281:39:281:39:281:78":21,"s:281:78:281:Infinity":66,"s:283:10:286:Infinity":67,"b:285:34:285:41:285:41:285:Infinity":22,"s:292:4:294:Infinity":68,"f:292:37:292:43":7,"s:293:6:293:Infinity":69,"s:295:4:297:Infinity":70,"f:295:37:295:43":8,"s:296:6:296:Infinity":71,"s:300:4:318:Infinity":72,"f:300:52:300:53":9,"s:301:6:301:Infinity":73,"b:303:6:317:Infinity:undefined:undefined:undefined:undefined":23,"s:303:6:317:Infinity":74,"b:303:10:303:24:303:24:303:47":24,"s:304:24:304:Infinity":75,"s:305:27:305:Infinity":76,"s:306:21:306:Infinity":77,"b:306:21:306:49:306:49:306:Infinity":25,"b:309:8:311:Infinity:undefined:undefined:undefined:undefined":26,"s:309:8:311:Infinity":78,"s:310:10:310:Infinity":79,"b:313:8:316:Infinity:undefined:undefined:undefined:undefined":27,"s:313:8:316:Infinity":80,"s:314:31:314:Infinity":81,"s:315:10:315:Infinity":82,"s:320:4:325:Infinity":83,"f:320:52:320:58":10,"s:321:6:321:Infinity":84,"b:322:6:324:Infinity:undefined:undefined:undefined:undefined":28,"s:322:6:324:Infinity":85,"s:323:8:323:Infinity":86,"s:328:4:346:Infinity":87,"f:328:52:328:53":11,"s:329:6:329:Infinity":88,"b:331:6:345:Infinity:undefined:undefined:undefined:undefined":29,"s:331:6:345:Infinity":89,"b:331:10:331:24:331:24:331:47":30,"s:332:24:332:Infinity":90,"s:333:27:333:Infinity":91,"s:334:21:334:Infinity":92,"b:334:21:334:49:334:49:334:Infinity":31,"b:337:8:339:Infinity:undefined:undefined:undefined:undefined":32,"s:337:8:339:Infinity":93,"s:338:10:338:Infinity":94,"b:341:8:344:Infinity:undefined:undefined:undefined:undefined":33,"s:341:8:344:Infinity":95,"s:342:31:342:Infinity":96,"s:343:10:343:Infinity":97,"s:348:4:353:Infinity":98,"f:348:52:348:58":12,"s:349:6:349:Infinity":99,"b:350:6:352:Infinity:undefined:undefined:undefined:undefined":34,"s:350:6:352:Infinity":100,"s:351:8:351:Infinity":101,"s:356:4:366:Infinity":102,"f:356:47:356:48":13,"b:357:6:365:Infinity:undefined:undefined:undefined:undefined":35,"s:357:6:365:Infinity":103,"b:357:10:357:24:357:24:357:47":36,"s:358:24:358:Infinity":104,"s:359:8:359:Infinity":105,"b:362:8:364:Infinity:undefined:undefined:undefined:undefined":37,"s:362:8:364:Infinity":106,"s:363:10:363:Infinity":107,"s:369:4:379:Infinity":108,"f:369:47:369:48":14,"b:370:6:378:Infinity:undefined:undefined:undefined:undefined":38,"s:370:6:378:Infinity":109,"b:370:10:370:24:370:24:370:47":39,"s:371:24:371:Infinity":110,"s:372:8:372:Infinity":111,"b:375:8:377:Infinity:undefined:undefined:undefined:undefined":40,"s:375:8:377:Infinity":112,"s:376:10:376:Infinity":113,"s:382:4:385:Infinity":114,"f:382:22:382:28":15,"s:383:21:383:Infinity":115,"s:384:6:384:Infinity":116,"s:388:19:388:Infinity":117,"s:389:4:389:Infinity":118,"s:392:4:392:Infinity":119,"s:393:4:393:Infinity":120,"s:395:20:395:Infinity":121,"b:396:4:398:Infinity:undefined:undefined:undefined:undefined":41,"s:396:4:398:Infinity":122,"s:397:6:397:Infinity":123,"b:401:4:403:Infinity:undefined:undefined:undefined:undefined":42,"s:401:4:403:Infinity":124,"s:402:6:402:Infinity":125,"s:407:2:436:Infinity":126,"f:407:12:407:18":16,"s:408:16:408:Infinity":127,"b:409:4:409:Infinity:undefined:undefined:undefined:undefined":43,"s:409:4:409:Infinity":128,"s:409:14:409:Infinity":129,"s:411:19:411:Infinity":130,"b:412:4:435:Infinity:undefined:undefined:undefined:undefined":44,"s:412:4:435:Infinity":131,"b:412:8:412:18:412:18:412:39":45,"s:414:23:414:Infinity":132,"s:415:6:415:Infinity":133,"s:418:7:418:Infinity":134,"s:421:6:421:Infinity":135,"s:422:6:422:Infinity":136,"s:424:22:424:Infinity":137,"b:425:6:427:Infinity:undefined:undefined:undefined:undefined":46,"s:425:6:427:Infinity":138,"s:426:8:426:Infinity":139,"s:430:6:434:Infinity":140,"f:430:28:430:34":17,"s:431:25:431:Infinity":141,"s:432:8:432:Infinity":142,"s:433:8:433:Infinity":143,"s:439:2:446:Infinity":144,"f:439:12:439:18":18,"s:440:4:445:Infinity":145,"f:440:11:440:17":19,"b:441:6:444:Infinity:undefined:undefined:undefined:undefined":47,"s:441:6:444:Infinity":146,"s:442:8:442:Infinity":147,"s:443:8:443:Infinity":148,"b:449:2:451:Infinity:undefined:undefined:undefined:undefined":48,"s:449:2:451:Infinity":149,"s:450:4:450:Infinity":150,"b:452:2:454:Infinity:undefined:undefined:undefined:undefined":49,"s:452:2:454:Infinity":151,"s:453:4:453:Infinity":152,"s:457:8:459:Infinity":153,"f:457:39:457:45":20,"s:458:4:458:Infinity":154,"s:462:8:465:Infinity":155,"f:462:43:462:44":21,"s:463:4:463:Infinity":156,"s:467:2:477:Infinity":157,"b:469:31:469:38:469:38:469:46":50}}}
,"/home/runner/work/subcults/subcults/web/src/components/DarkModeToggle.tsx": {"path":"/home/runner/work/subcults/subcults/web/src/components/DarkModeToggle.tsx","statementMap":{"0":{"start":{"line":23,"column":8},"end":{"line":23,"column":null}},"1":{"start":{"line":24,"column":22},"end":{"line":24,"column":null}},"2":{"start":{"line":26,"column":17},"end":{"line":26,"column":null}},"3":{"start":{"line":27,"column":15},"end":{"line":27,"column":null}},"4":{"start":{"line":28,"column":16},"end":{"line":28,"column":null}},"5":{"start":{"line":30,"column":2},"end":{"line":52,"column":null}}},"fnMap":{"0":{"name":"DarkModeToggle","decl":{"start":{"line":22,"column":16},"end":{"line":22,"column":31}},"loc":{"start":{"line":22,"column":91},"end":{"line":54,"column":null}},"line":22}},"branchMap":{"0":{"loc":{"start":{"line":22,"column":33},"end":{"line":22,"column":52}},"type":"default-arg","locations":[{"start":{"line":22,"column":45},"end":{"line":22,"column":52}}],"line":22},"1":{"loc":{"start":{"line":22,"column":52},"end":{"line":22,"column":67}},"type":"default-arg","locations":[{"start":{"line":22,"column":64},"end":{"line":22,"column":67}}],"line":22},"2":{"loc":{"start":{"line":27,"column":15},"end":{"line":27,"column":null}},"type":"cond-expr","locations":[{"start":{"line":27,"column":24},"end":{"line":27,"column":31}},{"start":{"line":27,"column":31},"end":{"line":27,"column":null}}],"line":27},"3":{"loc":{"start":{"line":28,"column":16},"end":{"line":28,"column":null}},"type":"cond-expr","locations":[{"start":{"line":28,"column":25},"end":{"line":28,"column":40}},{"start":{"line":28,"column":40},"end":{"line":28,"column":null}}],"line":28},"4":{"loc":{"start":{"line":47,"column":7},"end":{"line":50,"column":null}},"type":"binary-expr","locations":[{"start":{"line":47,"column":7},"end":{"line":47,"column":null}},{"start":{"line":48,"column":8},"end":{"line":50,"column":null}}],"line":47}},"s":{"0":46,"1":46,"2":46,"3":46,"4":46,"5":46},"f":{"0":46},"b":{"0":[46],"1":[46],"2":[10,36],"3":[10,36],"4":[46,27]},"meta":{"lastBranch":5,"lastFunction":1,"lastStatement":6,"seen":{"f:22:16:22:31":0,"b:22:45:22:52":0,"b:22:64:22:67":1,"s:23:8:23:Infinity":0,"s:24:22:24:Infinity":1,"s:26:17:26:Infinity":2,"s:27:15:27:Infinity":3,"b:27:24:27:31:27:31:27:Infinity":2,"s:28:16:28:Infinity":4,"b:28:25:28:40:28:40:28:Infinity":3,"s:30:2:52:Infinity":5,"b:47:7:47:Infinity:48:8:50:Infinity":4}}}
,"/home/runner/work/subcults/subcults/web/src/components/DetailPanel.tsx": {"path":"/home/runner/work/subcults/subcults/web/src/components/DetailPanel.tsx","statementMap":{"0":{"start":{"line":58,"column":8},"end":{"line":58,"column":null}},"1":{"start":{"line":59,"column":8},"end":{"line":59,"column":null}},"2":{"start":{"line":60,"column":8},"end":{"line":60,"column":null}},"3":{"start":{"line":63,"column":2},"end":{"line":91,"column":null}},"4":{"start":{"line":64,"column":4},"end":{"line":90,"column":null}},"5":{"start":{"line":65,"column":6},"end":{"line":65,"column":null}},"6":{"start":{"line":68,"column":6},"end":{"line":73,"column":null}},"7":{"start":{"line":69,"column":8},"end":{"line":72,"column":null}},"8":{"start":{"line":76,"column":6},"end":{"line":78,"column":null}},"9":{"start":{"line":77,"column":8},"end":{"line":77,"column":null}},"10":{"start":{"line":79,"column":4},"end":{"line":90,"column":null}},"11":{"start":{"line":81,"column":6},"end":{"line":81,"column":null}},"12":{"start":{"line":84,"column":6},"end":{"line":89,"column":null}},"13":{"start":{"line":85,"column":8},"end":{"line":88,"column":null}},"14":{"start":{"line":94,"column":8},"end":{"line":99,"column":null}},"15":{"start":{"line":95,"column":4},"end":{"line":98,"column":null}},"16":{"start":{"line":96,"column":6},"end":{"line":96,"column":null}},"17":{"start":{"line":97,"column":6},"end":{"line":97,"column":null}},"18":{"start":{"line":101,"column":2},"end":{"line":104,"column":null}},"19":{"start":{"line":102,"column":4},"end":{"line":102,"column":null}},"20":{"start":{"line":103,"column":4},"end":{"line":103,"column":null}},"21":{"start":{"line":103,"column":17},"end":{"line":103,"column":null}},"22":{"start":{"line":107,"column":2},"end":{"line":140,"column":null}},"23":{"start":{"line":108,"column":4},"end":{"line":108,"column":null}},"24":{"start":{"line":108,"column":38},"end":{"line":108,"column":null}},"25":{"start":{"line":110,"column":18},"end":{"line":110,"column":null}},"26":{"start":{"line":111,"column":30},"end":{"line":113,"column":null}},"27":{"start":{"line":115,"column":4},"end":{"line":115,"column":null}},"28":{"start":{"line":115,"column":40},"end":{"line":115,"column":null}},"29":{"start":{"line":117,"column":25},"end":{"line":117,"column":null}},"30":{"start":{"line":118,"column":24},"end":{"line":118,"column":null}},"31":{"start":{"line":120,"column":25},"end":{"line":136,"column":null}},"32":{"start":{"line":121,"column":6},"end":{"line":121,"column":null}},"33":{"start":{"line":121,"column":27},"end":{"line":121,"column":null}},"34":{"start":{"line":123,"column":6},"end":{"line":135,"column":null}},"35":{"start":{"line":125,"column":8},"end":{"line":128,"column":null}},"36":{"start":{"line":126,"column":10},"end":{"line":126,"column":null}},"37":{"start":{"line":127,"column":10},"end":{"line":127,"column":null}},"38":{"start":{"line":131,"column":8},"end":{"line":134,"column":null}},"39":{"start":{"line":132,"column":10},"end":{"line":132,"column":null}},"40":{"start":{"line":133,"column":10},"end":{"line":133,"column":null}},"41":{"start":{"line":138,"column":4},"end":{"line":138,"column":null}},"42":{"start":{"line":139,"column":4},"end":{"line":139,"column":null}},"43":{"start":{"line":139,"column":17},"end":{"line":139,"column":null}},"44":{"start":{"line":143,"column":2},"end":{"line":153,"column":null}},"45":{"start":{"line":144,"column":4},"end":{"line":148,"column":null}},"46":{"start":{"line":145,"column":6},"end":{"line":145,"column":null}},"47":{"start":{"line":147,"column":6},"end":{"line":147,"column":null}},"48":{"start":{"line":150,"column":4},"end":{"line":152,"column":null}},"49":{"start":{"line":151,"column":6},"end":{"line":151,"column":null}},"50":{"start":{"line":155,"column":2},"end":{"line":155,"column":null}},"51":{"start":{"line":155,"column":15},"end":{"line":155,"column":null}},"52":{"start":{"line":157,"column":18},"end":{"line":157,"column":null}},"53":{"start":{"line":158,"column":21},"end":{"line":158,"column":null}},"54":{"start":{"line":160,"column":2},"end":{"line":382,"column":null}},"55":{"start":{"line":258,"column":14},"end":{"line":258,"column":null}},"56":{"start":{"line":261,"column":14},"end":{"line":261,"column":null}},"57":{"start":{"line":301,"column":20},"end":{"line":312,"column":null}}},"fnMap":{"0":{"name":"DetailPanel","decl":{"start":{"line":51,"column":16},"end":{"line":51,"column":28}},"loc":{"start":{"line":57,"column":21},"end":{"line":384,"column":null}},"line":57},"1":{"name":"(anonymous_1)","decl":{"start":{"line":63,"column":12},"end":{"line":63,"column":18}},"loc":{"start":{"line":63,"column":18},"end":{"line":91,"column":5}},"line":63},"2":{"name":"(anonymous_2)","decl":{"start":{"line":76,"column":17},"end":{"line":76,"column":23}},"loc":{"start":{"line":76,"column":23},"end":{"line":78,"column":9}},"line":76},"3":{"name":"(anonymous_3)","decl":{"start":{"line":94,"column":36},"end":{"line":94,"column":37}},"loc":{"start":{"line":94,"column":58},"end":{"line":99,"column":5}},"line":94},"4":{"name":"(anonymous_4)","decl":{"start":{"line":101,"column":12},"end":{"line":101,"column":18}},"loc":{"start":{"line":101,"column":18},"end":{"line":104,"column":5}},"line":101},"5":{"name":"(anonymous_5)","decl":{"start":{"line":103,"column":11},"end":{"line":103,"column":17}},"loc":{"start":{"line":103,"column":17},"end":{"line":103,"column":null}},"line":103},"6":{"name":"(anonymous_6)","decl":{"start":{"line":107,"column":12},"end":{"line":107,"column":18}},"loc":{"start":{"line":107,"column":18},"end":{"line":140,"column":5}},"line":107},"7":{"name":"(anonymous_7)","decl":{"start":{"line":120,"column":25},"end":{"line":120,"column":26}},"loc":{"start":{"line":120,"column":47},"end":{"line":136,"column":null}},"line":120},"8":{"name":"(anonymous_8)","decl":{"start":{"line":139,"column":11},"end":{"line":139,"column":17}},"loc":{"start":{"line":139,"column":17},"end":{"line":139,"column":null}},"line":139},"9":{"name":"(anonymous_9)","decl":{"start":{"line":143,"column":12},"end":{"line":143,"column":18}},"loc":{"start":{"line":143,"column":18},"end":{"line":153,"column":5}},"line":143},"10":{"name":"(anonymous_10)","decl":{"start":{"line":150,"column":11},"end":{"line":150,"column":17}},"loc":{"start":{"line":150,"column":17},"end":{"line":152,"column":null}},"line":150},"11":{"name":"(anonymous_11)","decl":{"start":{"line":257,"column":26},"end":{"line":257,"column":27}},"loc":{"start":{"line":257,"column":33},"end":{"line":259,"column":null}},"line":257},"12":{"name":"(anonymous_12)","decl":{"start":{"line":260,"column":26},"end":{"line":260,"column":27}},"loc":{"start":{"line":260,"column":33},"end":{"line":262,"column":null}},"line":260},"13":{"name":"(anonymous_13)","decl":{"start":{"line":300,"column":47},"end":{"line":300,"column":48}},"loc":{"start":{"line":301,"column":20},"end":{"line":312,"column":null}},"line":301}},"branchMap":{"0":{"loc":{"start":{"line":55,"column":2},"end":{"line":55,"column":null}},"type":"default-arg","locations":[{"start":{"line":55,"column":12},"end":{"line":55,"column":null}}],"line":55},"1":{"loc":{"start":{"line":64,"column":4},"end":{"line":90,"column":null}},"type":"if","locations":[{"start":{"line":64,"column":4},"end":{"line":90,"column":null}},{"start":{"line":79,"column":4},"end":{"line":90,"column":null}}],"line":64},"2":{"loc":{"start":{"line":68,"column":6},"end":{"line":73,"column":null}},"type":"if","locations":[{"start":{"line":68,"column":6},"end":{"line":73,"column":null}},{"start":{},"end":{}}],"line":68},"3":{"loc":{"start":{"line":68,"column":10},"end":{"line":68,"column":38}},"type":"binary-expr","locations":[{"start":{"line":68,"column":10},"end":{"line":68,"column":30}},{"start":{"line":68,"column":30},"end":{"line":68,"column":38}}],"line":68},"4":{"loc":{"start":{"line":70,"column":23},"end":{"line":70,"column":null}},"type":"cond-expr","locations":[{"start":{"line":70,"column":46},"end":{"line":70,"column":56}},{"start":{"line":70,"column":56},"end":{"line":70,"column":null}}],"line":70},"5":{"loc":{"start":{"line":79,"column":4},"end":{"line":90,"column":null}},"type":"if","locations":[{"start":{"line":79,"column":4},"end":{"line":90,"column":null}},{"start":{},"end":{}}],"line":79},"6":{"loc":{"start":{"line":84,"column":6},"end":{"line":89,"column":null}},"type":"if","locations":[{"start":{"line":84,"column":6},"end":{"line":89,"column":null}},{"start":{},"end":{}}],"line":84},"7":{"loc":{"start":{"line":84,"column":10},"end":{"line":84,"column":38}},"type":"binary-expr","locations":[{"start":{"line":84,"column":10},"end":{"line":84,"column":30}},{"start":{"line":84,"column":30},"end":{"line":84,"column":38}}],"line":84},"8":{"loc":{"start":{"line":86,"column":23},"end":{"line":86,"column":null}},"type":"cond-expr","locations":[{"start":{"line":86,"column":46},"end":{"line":86,"column":56}},{"start":{"line":86,"column":56},"end":{"line":86,"column":null}}],"line":86},"9":{"loc":{"start":{"line":95,"column":4},"end":{"line":98,"column":null}},"type":"if","locations":[{"start":{"line":95,"column":4},"end":{"line":98,"column":null}},{"start":{},"end":{}}],"line":95},"10":{"loc":{"start":{"line":95,"column":8},"end":{"line":95,"column":38}},"type":"binary-expr","locations":[{"start":{"line":95,"column":8},"end":{"line":95,"column":30}},{"start":{"line":95,"column":30},"end":{"line":95,"column":38}}],"line":95},"11":{"loc":{"start":{"line":108,"column":4},"end":{"line":108,"column":null}},"type":"if","locations":[{"start":{"line":108,"column":4},"end":{"line":108,"column":null}},{"start":{},"end":{}}],"line":108},"12":{"loc":{"start":{"line":108,"column":8},"end":{"line":108,"column":38}},"type":"binary-expr","locations":[{"start":{"line":108,"column":8},"end":{"line":108,"column":19}},{"start":{"line":108,"column":19},"end":{"line":108,"column":38}}],"line":108},"13":{"loc":{"start":{"line":115,"column":4},"end":{"line":115,"column":null}},"type":"if","locations":[{"start":{"line":115,"column":4},"end":{"line":115,"column":null}},{"start":{},"end":{}}],"line":115},"14":{"loc":{"start":{"line":121,"column":6},"end":{"line":121,"column":null}},"type":"if","locations":[{"start":{"line":121,"column":6},"end":{"line":121,"column":null}},{"start":{},"end":{}}],"line":121},"15":{"loc":{"start":{"line":123,"column":6},"end":{"line":135,"column":null}},"type":"if","locations":[{"start":{"line":123,"column":6},"end":{"line":135,"column":null}},{"start":{"line":129,"column":13},"end":{"line":135,"column":null}}],"line":123},"16":{"loc":{"start":{"line":125,"column":8},"end":{"line":128,"column":null}},"type":"if","locations":[{"start":{"line":125,"column":8},"end":{"line":128,"column":null}},{"start":{},"end":{}}],"line":125},"17":{"loc":{"start":{"line":131,"column":8},"end":{"line":134,"column":null}},"type":"if","locations":[{"start":{"line":131,"column":8},"end":{"line":134,"column":null}},{"start":{},"end":{}}],"line":131},"18":{"loc":{"start":{"line":144,"column":4},"end":{"line":148,"column":null}},"type":"if","locations":[{"start":{"line":144,"column":4},"end":{"line":148,"column":null}},{"start":{"line":146,"column":11},"end":{"line":148,"column":null}}],"line":144},"19":{"loc":{"start":{"line":155,"column":2},"end":{"line":155,"column":null}},"type":"if","locations":[{"start":{"line":155,"column":2},"end":{"line":155,"column":null}},{"start":{},"end":{}}],"line":155},"20":{"loc":{"start":{"line":157,"column":18},"end":{"line":157,"column":null}},"type":"binary-expr","locations":[{"start":{"line":157,"column":18},"end":{"line":157,"column":28}},{"start":{"line":157,"column":28},"end":{"line":157,"column":null}}],"line":157},"21":{"loc":{"start":{"line":158,"column":21},"end":{"line":158,"column":null}},"type":"cond-expr","locations":[{"start":{"line":158,"column":31},"end":{"line":158,"column":41}},{"start":{"line":158,"column":41},"end":{"line":158,"column":null}}],"line":158},"22":{"loc":{"start":{"line":217,"column":23},"end":{"line":217,"column":null}},"type":"cond-expr","locations":[{"start":{"line":217,"column":33},"end":{"line":217,"column":45}},{"start":{"line":217,"column":45},"end":{"line":217,"column":null}}],"line":217},"23":{"loc":{"start":{"line":224,"column":13},"end":{"line":237,"column":null}},"type":"cond-expr","locations":[{"start":{"line":225,"column":14},"end":{"line":225,"column":null}},{"start":{"line":227,"column":14},"end":{"line":237,"column":null}}],"line":224},"24":{"loc":{"start":{"line":236,"column":17},"end":{"line":236,"column":null}},"type":"binary-expr","locations":[{"start":{"line":236,"column":17},"end":{"line":236,"column":33}},{"start":{"line":236,"column":33},"end":{"line":236,"column":null}}],"line":236},"25":{"loc":{"start":{"line":269,"column":9},"end":{"line":364,"column":null}},"type":"cond-expr","locations":[{"start":{"line":270,"column":10},"end":{"line":272,"column":null}},{"start":{"line":273,"column":12},"end":{"line":364,"column":null}}],"line":269},"26":{"loc":{"start":{"line":273,"column":12},"end":{"line":364,"column":null}},"type":"cond-expr","locations":[{"start":{"line":274,"column":10},"end":{"line":363,"column":null}},{"start":{"line":364,"column":12},"end":{"line":364,"column":null}}],"line":273},"27":{"loc":{"start":{"line":276,"column":13},"end":{"line":281,"column":null}},"type":"binary-expr","locations":[{"start":{"line":276,"column":13},"end":{"line":276,"column":null}},{"start":{"line":277,"column":14},"end":{"line":281,"column":null}}],"line":276},"28":{"loc":{"start":{"line":285,"column":13},"end":{"line":315,"column":null}},"type":"binary-expr","locations":[{"start":{"line":285,"column":13},"end":{"line":285,"column":25}},{"start":{"line":285,"column":25},"end":{"line":285,"column":51}},{"start":{"line":285,"column":51},"end":{"line":285,"column":null}},{"start":{"line":286,"column":14},"end":{"line":315,"column":null}}],"line":285},"29":{"loc":{"start":{"line":332,"column":19},"end":{"line":334,"column":null}},"type":"cond-expr","locations":[{"start":{"line":333,"column":22},"end":{"line":333,"column":null}},{"start":{"line":334,"column":22},"end":{"line":334,"column":null}}],"line":332}},"s":{"0":34,"1":34,"2":34,"3":34,"4":34,"5":20,"6":20,"7":2,"8":20,"9":18,"10":14,"11":2,"12":2,"13":1,"14":34,"15":4,"16":1,"17":1,"18":34,"19":34,"20":34,"21":34,"22":34,"23":34,"24":14,"25":20,"26":20,"27":20,"28":0,"29":20,"30":20,"31":20,"32":3,"33":1,"34":2,"35":1,"36":1,"37":1,"38":1,"39":1,"40":1,"41":20,"42":20,"43":20,"44":34,"45":34,"46":20,"47":14,"48":34,"49":34,"50":34,"51":14,"52":20,"53":34,"54":34,"55":1,"56":0,"57":45},"f":{"0":34,"1":34,"2":18,"3":4,"4":34,"5":34,"6":34,"7":3,"8":20,"9":34,"10":34,"11":1,"12":0,"13":45},"b":{"0":[34],"1":[20,14],"2":[2,18],"3":[20,2],"4":[0,2],"5":[2,12],"6":[1,1],"7":[2,1],"8":[0,1],"9":[1,3],"10":[4,1],"11":[14,20],"12":[34,20],"13":[0,20],"14":[1,2],"15":[1,1],"16":[1,0],"17":[1,0],"18":[20,14],"19":[14,20],"20":[20,19],"21":[16,4],"22":[16,4],"23":[1,19],"24":[19,0],"25":[1,19],"26":[19,0],"27":[19,18],"28":[19,16,16,15],"29":[3,16]},"meta":{"lastBranch":30,"lastFunction":14,"lastStatement":58,"seen":{"f:51:16:51:28":0,"b:55:12:55:Infinity":0,"s:58:8:58:Infinity":0,"s:59:8:59:Infinity":1,"s:60:8:60:Infinity":2,"s:63:2:91:Infinity":3,"f:63:12:63:18":1,"b:64:4:90:Infinity:79:4:90:Infinity":1,"s:64:4:90:Infinity":4,"s:65:6:65:Infinity":5,"b:68:6:73:Infinity:undefined:undefined:undefined:undefined":2,"s:68:6:73:Infinity":6,"b:68:10:68:30:68:30:68:38":3,"s:69:8:72:Infinity":7,"b:70:46:70:56:70:56:70:Infinity":4,"s:76:6:78:Infinity":8,"f:76:17:76:23":2,"s:77:8:77:Infinity":9,"b:79:4:90:Infinity:undefined:undefined:undefined:undefined":5,"s:79:4:90:Infinity":10,"s:81:6:81:Infinity":11,"b:84:6:89:Infinity:undefined:undefined:undefined:undefined":6,"s:84:6:89:Infinity":12,"b:84:10:84:30:84:30:84:38":7,"s:85:8:88:Infinity":13,"b:86:46:86:56:86:56:86:Infinity":8,"s:94:8:99:Infinity":14,"f:94:36:94:37":3,"b:95:4:98:Infinity:undefined:undefined:undefined:undefined":9,"s:95:4:98:Infinity":15,"b:95:8:95:30:95:30:95:38":10,"s:96:6:96:Infinity":16,"s:97:6:97:Infinity":17,"s:101:2:104:Infinity":18,"f:101:12:101:18":4,"s:102:4:102:Infinity":19,"s:103:4:103:Infinity":20,"f:103:11:103:17":5,"s:103:17:103:Infinity":21,"s:107:2:140:Infinity":22,"f:107:12:107:18":6,"b:108:4:108:Infinity:undefined:undefined:undefined:undefined":11,"s:108:4:108:Infinity":23,"b:108:8:108:19:108:19:108:38":12,"s:108:38:108:Infinity":24,"s:110:18:110:Infinity":25,"s:111:30:113:Infinity":26,"b:115:4:115:Infinity:undefined:undefined:undefined:undefined":13,"s:115:4:115:Infinity":27,"s:115:40:115:Infinity":28,"s:117:25:117:Infinity":29,"s:118:24:118:Infinity":30,"s:120:25:136:Infinity":31,"f:120:25:120:26":7,"b:121:6:121:Infinity:undefined:undefined:undefined:undefined":14,"s:121:6:121:Infinity":32,"s:121:27:121:Infinity":33,"b:123:6:135:Infinity:129:13:135:Infinity":15,"s:123:6:135:Infinity":34,"b:125:8:128:Infinity:undefined:undefined:undefined:undefined":16,"s:125:8:128:Infinity":35,"s:126:10:126:Infinity":36,"s:127:10:127:Infinity":37,"b:131:8:134:Infinity:undefined:undefined:undefined:undefined":17,"s:131:8:134:Infinity":38,"s:132:10:132:Infinity":39,"s:133:10:133:Infinity":40,"s:138:4:138:Infinity":41,"s:139:4:139:Infinity":42,"f:139:11:139:17":8,"s:139:17:139:Infinity":43,"s:143:2:153:Infinity":44,"f:143:12:143:18":9,"b:144:4:148:Infinity:146:11:148:Infinity":18,"s:144:4:148:Infinity":45,"s:145:6:145:Infinity":46,"s:147:6:147:Infinity":47,"s:150:4:152:Infinity":48,"f:150:11:150:17":10,"s:151:6:151:Infinity":49,"b:155:2:155:Infinity:undefined:undefined:undefined:undefined":19,"s:155:2:155:Infinity":50,"s:155:15:155:Infinity":51,"s:157:18:157:Infinity":52,"b:157:18:157:28:157:28:157:Infinity":20,"s:158:21:158:Infinity":53,"b:158:31:158:41:158:41:158:Infinity":21,"s:160:2:382:Infinity":54,"b:217:33:217:45:217:45:217:Infinity":22,"b:225:14:225:Infinity:227:14:237:Infinity":23,"b:236:17:236:33:236:33:236:Infinity":24,"f:257:26:257:27":11,"s:258:14:258:Infinity":55,"f:260:26:260:27":12,"s:261:14:261:Infinity":56,"b:270:10:272:Infinity:273:12:364:Infinity":25,"b:274:10:363:Infinity:364:12:364:Infinity":26,"b:276:13:276:Infinity:277:14:281:Infinity":27,"b:285:13:285:25:285:25:285:51:285:51:285:Infinity:286:14:315:Infinity":28,"f:300:47:300:48":13,"s:301:20:312:Infinity":57,"b:333:22:333:Infinity:334:22:334:Infinity":29}}}
,"/home/runner/work/subcults/subcults/web/src/components/ErrorBoundary.tsx": {"path":"/home/runner/work/subcults/subcults/web/src/components/ErrorBoundary.tsx","statementMap":{"0":{"start":{"line":25,"column":2},"end":{"line":25,"column":null}},"1":{"start":{"line":25,"column":14},"end":{"line":25,"column":null}},"2":{"start":{"line":28,"column":2},"end":{"line":28,"column":null}},"3":{"start":{"line":28,"column":28},"end":{"line":28,"column":null}},"4":{"start":{"line":31,"column":16},"end":{"line":31,"column":null}},"5":{"start":{"line":32,"column":2},"end":{"line":35,"column":null}},"6":{"start":{"line":33,"column":20},"end":{"line":33,"column":50}},"7":{"start":{"line":82,"column":17},"end":{"line":84,"column":null}},"8":{"start":{"line":86,"column":17},"end":{"line":96,"column":null}},"9":{"start":{"line":42,"column":4},"end":{"line":42,"column":null}},"10":{"start":{"line":43,"column":4},"end":{"line":43,"column":null}},"11":{"start":{"line":44,"column":4},"end":{"line":44,"column":null}},"12":{"start":{"line":48,"column":4},"end":{"line":48,"column":null}},"13":{"start":{"line":53,"column":4},"end":{"line":53,"column":null}},"14":{"start":{"line":56,"column":4},"end":{"line":62,"column":null}},"15":{"start":{"line":57,"column":6},"end":{"line":61,"column":null}},"16":{"start":{"line":65,"column":4},"end":{"line":67,"column":null}},"17":{"start":{"line":72,"column":4},"end":{"line":79,"column":null}},"18":{"start":{"line":74,"column":6},"end":{"line":78,"column":null}},"19":{"start":{"line":75,"column":8},"end":{"line":77,"column":null}},"20":{"start":{"line":76,"column":10},"end":{"line":76,"column":null}},"21":{"start":{"line":83,"column":4},"end":{"line":83,"column":null}},"22":{"start":{"line":87,"column":22},"end":{"line":87,"column":null}},"23":{"start":{"line":88,"column":20},"end":{"line":88,"column":null}},"24":{"start":{"line":89,"column":17},"end":{"line":93,"column":null}},"25":{"start":{"line":95,"column":4},"end":{"line":95,"column":null}},"26":{"start":{"line":99,"column":4},"end":{"line":228,"column":null}},"27":{"start":{"line":100,"column":6},"end":{"line":102,"column":null}},"28":{"start":{"line":101,"column":8},"end":{"line":101,"column":null}},"29":{"start":{"line":104,"column":35},"end":{"line":104,"column":null}},"30":{"start":{"line":106,"column":6},"end":{"line":226,"column":null}},"31":{"start":{"line":230,"column":4},"end":{"line":230,"column":null}}},"fnMap":{"0":{"name":"filterStackTrace","decl":{"start":{"line":24,"column":9},"end":{"line":24,"column":26}},"loc":{"start":{"line":24,"column":61},"end":{"line":36,"column":null}},"line":24},"1":{"name":"(anonymous_1)","decl":{"start":{"line":33,"column":12},"end":{"line":33,"column":20}},"loc":{"start":{"line":33,"column":20},"end":{"line":33,"column":50}},"line":33},"2":{"name":"(anonymous_2)","decl":{"start":{"line":41,"column":2},"end":{"line":41,"column":14}},"loc":{"start":{"line":41,"column":28},"end":{"line":45,"column":null}},"line":41},"3":{"name":"(anonymous_3)","decl":{"start":{"line":47,"column":9},"end":{"line":47,"column":34}},"loc":{"start":{"line":47,"column":64},"end":{"line":49,"column":null}},"line":47},"4":{"name":"(anonymous_4)","decl":{"start":{"line":51,"column":2},"end":{"line":51,"column":20}},"loc":{"start":{"line":51,"column":62},"end":{"line":68,"column":null}},"line":51},"5":{"name":"(anonymous_5)","decl":{"start":{"line":70,"column":2},"end":{"line":70,"column":21}},"loc":{"start":{"line":70,"column":58},"end":{"line":80,"column":null}},"line":70},"6":{"name":"(anonymous_6)","decl":{"start":{"line":74,"column":28},"end":{"line":74,"column":34}},"loc":{"start":{"line":74,"column":34},"end":{"line":78,"column":7}},"line":74},"7":{"name":"(anonymous_7)","decl":{"start":{"line":82,"column":17},"end":{"line":82,"column":23}},"loc":{"start":{"line":82,"column":23},"end":{"line":84,"column":null}},"line":82},"8":{"name":"(anonymous_8)","decl":{"start":{"line":86,"column":17},"end":{"line":86,"column":23}},"loc":{"start":{"line":86,"column":23},"end":{"line":96,"column":null}},"line":86},"9":{"name":"(anonymous_9)","decl":{"start":{"line":98,"column":2},"end":{"line":98,"column":11}},"loc":{"start":{"line":98,"column":11},"end":{"line":231,"column":null}},"line":98}},"branchMap":{"0":{"loc":{"start":{"line":25,"column":2},"end":{"line":25,"column":null}},"type":"if","locations":[{"start":{"line":25,"column":2},"end":{"line":25,"column":null}},{"start":{},"end":{}}],"line":25},"1":{"loc":{"start":{"line":28,"column":2},"end":{"line":28,"column":null}},"type":"if","locations":[{"start":{"line":28,"column":2},"end":{"line":28,"column":null}},{"start":{},"end":{}}],"line":28},"2":{"loc":{"start":{"line":56,"column":4},"end":{"line":62,"column":null}},"type":"if","locations":[{"start":{"line":56,"column":4},"end":{"line":62,"column":null}},{"start":{},"end":{}}],"line":56},"3":{"loc":{"start":{"line":66,"column":22},"end":{"line":66,"column":null}},"type":"binary-expr","locations":[{"start":{"line":66,"column":22},"end":{"line":66,"column":50}},{"start":{"line":66,"column":50},"end":{"line":66,"column":null}}],"line":66},"4":{"loc":{"start":{"line":72,"column":4},"end":{"line":79,"column":null}},"type":"if","locations":[{"start":{"line":72,"column":4},"end":{"line":79,"column":null}},{"start":{},"end":{}}],"line":72},"5":{"loc":{"start":{"line":72,"column":8},"end":{"line":72,"column":83}},"type":"binary-expr","locations":[{"start":{"line":72,"column":8},"end":{"line":72,"column":31}},{"start":{"line":72,"column":31},"end":{"line":72,"column":54}},{"start":{"line":72,"column":54},"end":{"line":72,"column":83}}],"line":72},"6":{"loc":{"start":{"line":75,"column":8},"end":{"line":77,"column":null}},"type":"if","locations":[{"start":{"line":75,"column":8},"end":{"line":77,"column":null}},{"start":{},"end":{}}],"line":75},"7":{"loc":{"start":{"line":91,"column":16},"end":{"line":91,"column":49}},"type":"binary-expr","locations":[{"start":{"line":91,"column":16},"end":{"line":91,"column":34}},{"start":{"line":91,"column":34},"end":{"line":91,"column":49}}],"line":91},"8":{"loc":{"start":{"line":99,"column":4},"end":{"line":228,"column":null}},"type":"if","locations":[{"start":{"line":99,"column":4},"end":{"line":228,"column":null}},{"start":{},"end":{}}],"line":99},"9":{"loc":{"start":{"line":100,"column":6},"end":{"line":102,"column":null}},"type":"if","locations":[{"start":{"line":100,"column":6},"end":{"line":102,"column":null}},{"start":{},"end":{}}],"line":100},"10":{"loc":{"start":{"line":180,"column":11},"end":{"line":224,"column":null}},"type":"binary-expr","locations":[{"start":{"line":180,"column":11},"end":{"line":180,"column":34}},{"start":{"line":180,"column":34},"end":{"line":180,"column":null}},{"start":{"line":181,"column":12},"end":{"line":224,"column":null}}],"line":180},"11":{"loc":{"start":{"line":207,"column":17},"end":{"line":213,"column":null}},"type":"binary-expr","locations":[{"start":{"line":207,"column":17},"end":{"line":207,"column":null}},{"start":{"line":208,"column":18},"end":{"line":213,"column":null}}],"line":207},"12":{"loc":{"start":{"line":215,"column":17},"end":{"line":221,"column":null}},"type":"binary-expr","locations":[{"start":{"line":215,"column":17},"end":{"line":215,"column":null}},{"start":{"line":216,"column":18},"end":{"line":221,"column":null}}],"line":215}},"s":{"0":47,"1":0,"2":47,"3":4,"4":43,"5":43,"6":473,"7":1,"8":1,"9":20,"10":20,"11":20,"12":18,"13":9,"14":9,"15":8,"16":9,"17":9,"18":0,"19":0,"20":0,"21":1,"22":1,"23":1,"24":1,"25":1,"26":46,"27":27,"28":3,"29":24,"30":24,"31":19},"f":{"0":47,"1":473,"2":20,"3":19,"4":9,"5":9,"6":0,"7":1,"8":1,"9":46},"b":{"0":[0,47],"1":[4,43],"2":[8,1],"3":[9,0],"4":[0,9],"5":[9,0,0],"6":[0,0],"7":[1,0],"8":[27,19],"9":[3,24],"10":[24,21,21],"11":[21,18],"12":[21,7]},"meta":{"lastBranch":13,"lastFunction":10,"lastStatement":32,"seen":{"f:24:9:24:26":0,"b:25:2:25:Infinity:undefined:undefined:undefined:undefined":0,"s:25:2:25:Infinity":0,"s:25:14:25:Infinity":1,"b:28:2:28:Infinity:undefined:undefined:undefined:undefined":1,"s:28:2:28:Infinity":2,"s:28:28:28:Infinity":3,"s:31:16:31:Infinity":4,"s:32:2:35:Infinity":5,"f:33:12:33:20":1,"s:33:20:33:50":6,"s:82:17:84:Infinity":7,"s:86:17:96:Infinity":8,"f:41:2:41:14":2,"s:42:4:42:Infinity":9,"s:43:4:43:Infinity":10,"s:44:4:44:Infinity":11,"f:47:9:47:34":3,"s:48:4:48:Infinity":12,"f:51:2:51:20":4,"s:53:4:53:Infinity":13,"b:56:4:62:Infinity:undefined:undefined:undefined:undefined":2,"s:56:4:62:Infinity":14,"s:57:6:61:Infinity":15,"s:65:4:67:Infinity":16,"b:66:22:66:50:66:50:66:Infinity":3,"f:70:2:70:21":5,"b:72:4:79:Infinity:undefined:undefined:undefined:undefined":4,"s:72:4:79:Infinity":17,"b:72:8:72:31:72:31:72:54:72:54:72:83":5,"s:74:6:78:Infinity":18,"f:74:28:74:34":6,"b:75:8:77:Infinity:undefined:undefined:undefined:undefined":6,"s:75:8:77:Infinity":19,"s:76:10:76:Infinity":20,"f:82:17:82:23":7,"s:83:4:83:Infinity":21,"f:86:17:86:23":8,"s:87:22:87:Infinity":22,"s:88:20:88:Infinity":23,"s:89:17:93:Infinity":24,"b:91:16:91:34:91:34:91:49":7,"s:95:4:95:Infinity":25,"f:98:2:98:11":9,"b:99:4:228:Infinity:undefined:undefined:undefined:undefined":8,"s:99:4:228:Infinity":26,"b:100:6:102:Infinity:undefined:undefined:undefined:undefined":9,"s:100:6:102:Infinity":27,"s:101:8:101:Infinity":28,"s:104:35:104:Infinity":29,"s:106:6:226:Infinity":30,"b:180:11:180:34:180:34:180:Infinity:181:12:224:Infinity":10,"b:207:17:207:Infinity:208:18:213:Infinity":11,"b:215:17:215:Infinity:216:18:221:Infinity":12,"s:230:4:230:Infinity":31}}}
,"/home/runner/work/subcults/subcults/web/src/components/LanguageSelector.tsx": {"path":"/home/runner/work/subcults/subcults/web/src/components/LanguageSelector.tsx","statementMap":{"0":{"start":{"line":10,"column":42},"end":{"line":36,"column":null}},"1":{"start":{"line":11,"column":8},"end":{"line":11,"column":null}},"2":{"start":{"line":12,"column":22},"end":{"line":12,"column":null}},"3":{"start":{"line":13,"column":12},"end":{"line":13,"column":null}},"4":{"start":{"line":15,"column":23},"end":{"line":17,"column":null}},"5":{"start":{"line":16,"column":4},"end":{"line":16,"column":null}},"6":{"start":{"line":19,"column":2},"end":{"line":34,"column":null}}},"fnMap":{"0":{"name":"(anonymous_0)","decl":{"start":{"line":10,"column":42},"end":{"line":10,"column":48}},"loc":{"start":{"line":10,"column":48},"end":{"line":36,"column":null}},"line":10},"1":{"name":"(anonymous_1)","decl":{"start":{"line":15,"column":23},"end":{"line":15,"column":24}},"loc":{"start":{"line":15,"column":72},"end":{"line":17,"column":null}},"line":15}},"branchMap":{},"s":{"0":1,"1":7,"2":7,"3":7,"4":7,"5":2,"6":7},"f":{"0":7,"1":2},"b":{},"meta":{"lastBranch":0,"lastFunction":2,"lastStatement":7,"seen":{"s:10:42:36:Infinity":0,"f:10:42:10:48":0,"s:11:8:11:Infinity":1,"s:12:22:12:Infinity":2,"s:13:12:13:Infinity":3,"s:15:23:17:Infinity":4,"f:15:23:15:24":1,"s:16:4:16:Infinity":5,"s:19:2:34:Infinity":6}}}
,"/home/runner/work/subcults/subcults/web/src/components/MapView.tsx": {"path":"/home/runner/work/subcults/subcults/web/src/components/MapView.tsx","statementMap":{"0":{"start":{"line":84,"column":41},"end":{"line":84,"column":null}},"1":{"start":{"line":85,"column":21},"end":{"line":85,"column":null}},"2":{"start":{"line":95,"column":13},"end":{"line":319,"column":null}},"3":{"start":{"line":108,"column":10},"end":{"line":108,"column":null}},"4":{"start":{"line":109,"column":10},"end":{"line":109,"column":null}},"5":{"start":{"line":110,"column":10},"end":{"line":110,"column":null}},"6":{"start":{"line":111,"column":38},"end":{"line":111,"column":null}},"7":{"start":{"line":114,"column":10},"end":{"line":114,"column":null}},"8":{"start":{"line":115,"column":10},"end":{"line":115,"column":null}},"9":{"start":{"line":116,"column":10},"end":{"line":116,"column":null}},"10":{"start":{"line":119,"column":4},"end":{"line":121,"column":null}},"11":{"start":{"line":120,"column":6},"end":{"line":120,"column":null}},"12":{"start":{"line":123,"column":4},"end":{"line":125,"column":null}},"13":{"start":{"line":124,"column":6},"end":{"line":124,"column":null}},"14":{"start":{"line":127,"column":4},"end":{"line":129,"column":null}},"15":{"start":{"line":128,"column":6},"end":{"line":128,"column":null}},"16":{"start":{"line":132,"column":27},"end":{"line":132,"column":null}},"17":{"start":{"line":135,"column":4},"end":{"line":149,"column":null}},"18":{"start":{"line":135,"column":36},"end":{"line":149,"column":6}},"19":{"start":{"line":136,"column":20},"end":{"line":136,"column":null}},"20":{"start":{"line":138,"column":8},"end":{"line":144,"column":null}},"21":{"start":{"line":139,"column":10},"end":{"line":143,"column":null}},"22":{"start":{"line":147,"column":8},"end":{"line":147,"column":null}},"23":{"start":{"line":151,"column":4},"end":{"line":275,"column":null}},"24":{"start":{"line":152,"column":6},"end":{"line":152,"column":null}},"25":{"start":{"line":152,"column":73},"end":{"line":152,"column":null}},"26":{"start":{"line":155,"column":44},"end":{"line":155,"column":null}},"27":{"start":{"line":156,"column":24},"end":{"line":156,"column":null}},"28":{"start":{"line":159,"column":6},"end":{"line":170,"column":null}},"29":{"start":{"line":160,"column":8},"end":{"line":160,"column":null}},"30":{"start":{"line":161,"column":6},"end":{"line":170,"column":null}},"31":{"start":{"line":163,"column":23},"end":{"line":163,"column":null}},"32":{"start":{"line":164,"column":8},"end":{"line":168,"column":null}},"33":{"start":{"line":165,"column":10},"end":{"line":165,"column":null}},"34":{"start":{"line":166,"column":8},"end":{"line":168,"column":null}},"35":{"start":{"line":167,"column":10},"end":{"line":167,"column":null}},"36":{"start":{"line":169,"column":8},"end":{"line":169,"column":null}},"37":{"start":{"line":173,"column":23},"end":{"line":173,"column":null}},"38":{"start":{"line":175,"column":18},"end":{"line":181,"column":null}},"39":{"start":{"line":183,"column":6},"end":{"line":183,"column":null}},"40":{"start":{"line":186,"column":6},"end":{"line":215,"column":null}},"41":{"start":{"line":187,"column":8},"end":{"line":187,"column":null}},"42":{"start":{"line":190,"column":8},"end":{"line":199,"column":null}},"43":{"start":{"line":201,"column":8},"end":{"line":210,"column":null}},"44":{"start":{"line":212,"column":8},"end":{"line":214,"column":null}},"45":{"start":{"line":213,"column":10},"end":{"line":213,"column":null}},"46":{"start":{"line":218,"column":6},"end":{"line":248,"column":null}},"47":{"start":{"line":224,"column":8},"end":{"line":247,"column":null}},"48":{"start":{"line":226,"column":44},"end":{"line":226,"column":null}},"49":{"start":{"line":227,"column":12},"end":{"line":231,"column":null}},"50":{"start":{"line":232,"column":12},"end":{"line":234,"column":null}},"51":{"start":{"line":233,"column":14},"end":{"line":233,"column":null}},"52":{"start":{"line":237,"column":12},"end":{"line":237,"column":null}},"53":{"start":{"line":238,"column":12},"end":{"line":240,"column":null}},"54":{"start":{"line":239,"column":14},"end":{"line":239,"column":null}},"55":{"start":{"line":251,"column":6},"end":{"line":255,"column":null}},"56":{"start":{"line":252,"column":8},"end":{"line":254,"column":null}},"57":{"start":{"line":253,"column":10},"end":{"line":253,"column":null}},"58":{"start":{"line":257,"column":6},"end":{"line":259,"column":null}},"59":{"start":{"line":258,"column":8},"end":{"line":258,"column":null}},"60":{"start":{"line":262,"column":6},"end":{"line":270,"column":null}},"61":{"start":{"line":263,"column":8},"end":{"line":265,"column":null}},"62":{"start":{"line":264,"column":10},"end":{"line":264,"column":null}},"63":{"start":{"line":266,"column":8},"end":{"line":269,"column":null}},"64":{"start":{"line":267,"column":10},"end":{"line":267,"column":null}},"65":{"start":{"line":268,"column":10},"end":{"line":268,"column":null}},"66":{"start":{"line":278,"column":4},"end":{"line":305,"column":null}},"67":{"start":{"line":279,"column":6},"end":{"line":303,"column":null}},"68":{"start":{"line":307,"column":4},"end":{"line":316,"column":null}},"69":{"start":{"line":321,"column":0},"end":{"line":321,"column":null}}},"fnMap":{"0":{"name":"(anonymous_0)","decl":{"start":{"line":96,"column":2},"end":{"line":96,"column":null}},"loc":{"start":{"line":107,"column":7},"end":{"line":318,"column":null}},"line":107},"1":{"name":"(anonymous_1)","decl":{"start":{"line":119,"column":14},"end":{"line":119,"column":20}},"loc":{"start":{"line":119,"column":20},"end":{"line":121,"column":7}},"line":119},"2":{"name":"(anonymous_2)","decl":{"start":{"line":123,"column":14},"end":{"line":123,"column":20}},"loc":{"start":{"line":123,"column":20},"end":{"line":125,"column":7}},"line":123},"3":{"name":"(anonymous_3)","decl":{"start":{"line":127,"column":14},"end":{"line":127,"column":20}},"loc":{"start":{"line":127,"column":20},"end":{"line":129,"column":7}},"line":127},"4":{"name":"(anonymous_4)","decl":{"start":{"line":135,"column":29},"end":{"line":135,"column":36}},"loc":{"start":{"line":135,"column":36},"end":{"line":149,"column":6}},"line":135},"5":{"name":"(anonymous_5)","decl":{"start":{"line":136,"column":14},"end":{"line":136,"column":20}},"loc":{"start":{"line":136,"column":20},"end":{"line":136,"column":null}},"line":136},"6":{"name":"(anonymous_6)","decl":{"start":{"line":137,"column":13},"end":{"line":137,"column":14}},"loc":{"start":{"line":137,"column":52},"end":{"line":145,"column":null}},"line":137},"7":{"name":"(anonymous_7)","decl":{"start":{"line":146,"column":17},"end":{"line":146,"column":23}},"loc":{"start":{"line":146,"column":23},"end":{"line":148,"column":null}},"line":146},"8":{"name":"(anonymous_8)","decl":{"start":{"line":151,"column":14},"end":{"line":151,"column":20}},"loc":{"start":{"line":151,"column":20},"end":{"line":271,"column":7}},"line":151},"9":{"name":"(anonymous_9)","decl":{"start":{"line":186,"column":21},"end":{"line":186,"column":27}},"loc":{"start":{"line":186,"column":27},"end":{"line":215,"column":7}},"line":186},"10":{"name":"(anonymous_10)","decl":{"start":{"line":225,"column":10},"end":{"line":225,"column":11}},"loc":{"start":{"line":225,"column":24},"end":{"line":235,"column":null}},"line":225},"11":{"name":"(anonymous_11)","decl":{"start":{"line":236,"column":10},"end":{"line":236,"column":11}},"loc":{"start":{"line":236,"column":21},"end":{"line":241,"column":null}},"line":236},"12":{"name":"(anonymous_12)","decl":{"start":{"line":251,"column":53},"end":{"line":251,"column":59}},"loc":{"start":{"line":251,"column":59},"end":{"line":255,"column":7}},"line":251},"13":{"name":"(anonymous_13)","decl":{"start":{"line":262,"column":13},"end":{"line":262,"column":19}},"loc":{"start":{"line":262,"column":19},"end":{"line":270,"column":null}},"line":262}},"branchMap":{"0":{"loc":{"start":{"line":100,"column":6},"end":{"line":100,"column":null}},"type":"default-arg","locations":[{"start":{"line":100,"column":26},"end":{"line":100,"column":null}}],"line":100},"1":{"loc":{"start":{"line":101,"column":6},"end":{"line":101,"column":null}},"type":"default-arg","locations":[{"start":{"line":101,"column":18},"end":{"line":101,"column":null}}],"line":101},"2":{"loc":{"start":{"line":132,"column":27},"end":{"line":132,"column":null}},"type":"binary-expr","locations":[{"start":{"line":132,"column":27},"end":{"line":132,"column":37}},{"start":{"line":132,"column":37},"end":{"line":132,"column":null}}],"line":132},"3":{"loc":{"start":{"line":138,"column":8},"end":{"line":144,"column":null}},"type":"if","locations":[{"start":{"line":138,"column":8},"end":{"line":144,"column":null}},{"start":{},"end":{}}],"line":138},"4":{"loc":{"start":{"line":141,"column":18},"end":{"line":141,"column":null}},"type":"binary-expr","locations":[{"start":{"line":141,"column":18},"end":{"line":141,"column":26}},{"start":{"line":141,"column":26},"end":{"line":141,"column":null}}],"line":141},"5":{"loc":{"start":{"line":147,"column":15},"end":{"line":147,"column":null}},"type":"cond-expr","locations":[{"start":{"line":147,"column":32},"end":{"line":147,"column":61}},{"start":{"line":147,"column":61},"end":{"line":147,"column":null}}],"line":147},"6":{"loc":{"start":{"line":152,"column":6},"end":{"line":152,"column":null}},"type":"if","locations":[{"start":{"line":152,"column":6},"end":{"line":152,"column":null}},{"start":{},"end":{}}],"line":152},"7":{"loc":{"start":{"line":152,"column":10},"end":{"line":152,"column":73}},"type":"binary-expr","locations":[{"start":{"line":152,"column":10},"end":{"line":152,"column":29}},{"start":{"line":152,"column":29},"end":{"line":152,"column":57}},{"start":{"line":152,"column":57},"end":{"line":152,"column":73}}],"line":152},"8":{"loc":{"start":{"line":159,"column":6},"end":{"line":170,"column":null}},"type":"if","locations":[{"start":{"line":159,"column":6},"end":{"line":170,"column":null}},{"start":{"line":161,"column":6},"end":{"line":170,"column":null}}],"line":159},"9":{"loc":{"start":{"line":161,"column":6},"end":{"line":170,"column":null}},"type":"if","locations":[{"start":{"line":161,"column":6},"end":{"line":170,"column":null}},{"start":{},"end":{}}],"line":161},"10":{"loc":{"start":{"line":164,"column":8},"end":{"line":168,"column":null}},"type":"if","locations":[{"start":{"line":164,"column":8},"end":{"line":168,"colu
[...]
ry-expr","locations":[{"start":{"line":105,"column":6},"end":{"line":105,"column":32}},{"start":{"line":105,"column":32},"end":{"line":105,"column":49}}],"line":105},"14":{"loc":{"start":{"line":109,"column":4},"end":{"line":111,"column":null}},"type":"if","locations":[{"start":{"line":109,"column":4},"end":{"line":111,"column":null}},{"start":{},"end":{}}],"line":109},"15":{"loc":{"start":{"line":109,"column":8},"end":{"line":109,"column":79}},"type":"binary-expr","locations":[{"start":{"line":109,"column":8},"end":{"line":109,"column":44}},{"start":{"line":109,"column":44},"end":{"line":109,"column":79}}],"line":109}},"s":{"0":1,"1":9,"2":8,"3":8,"4":1,"5":11,"6":1,"7":10,"8":1,"9":9,"10":1,"11":8,"12":1,"13":7,"14":1,"15":6,"16":2,"17":4,"18":3,"19":1,"20":7,"21":6,"22":6,"23":2,"24":5},"f":{"0":9,"1":11,"2":7},"b":{"0":[8,1],"1":[9,9],"2":[8,1,0],"3":[1,0],"4":[1,10],"5":[1,9],"6":[1,8],"7":[1,7],"8":[1,6],"9":[2,4],"10":[6,5],"11":[3,1],"12":[6,1],"13":[7,7],"14":[2,4],"15":[6,5]},"meta":{"lastBranch":16,"lastFunction":3,"lastStatement":25,"seen":{"s:12:47:41:Infinity":0,"f:49:16:49:32":0,"b:50:2:53:Infinity:undefined:undefined:undefined:undefined":0,"s:50:2:53:Infinity":1,"b:50:6:50:32:50:32:50:49":1,"s:51:21:51:Infinity":2,"s:52:4:52:Infinity":3,"b:52:11:52:44:52:44:52:64:52:64:52:Infinity":2,"s:55:2:55:Infinity":4,"b:55:9:55:26:55:26:55:Infinity":3,"f:65:16:65:41":1,"b:66:2:68:Infinity:undefined:undefined:undefined:undefined":4,"s:66:2:68:Infinity":5,"s:67:4:67:Infinity":6,"b:70:2:72:Infinity:undefined:undefined:undefined:undefined":5,"s:70:2:72:Infinity":7,"s:71:4:71:Infinity":8,"b:74:2:76:Infinity:undefined:undefined:undefined:undefined":6,"s:74:2:76:Infinity":9,"s:75:4:75:Infinity":10,"b:78:2:80:Infinity:undefined:undefined:undefined:undefined":7,"s:78:2:80:Infinity":11,"s:79:4:79:Infinity":12,"b:82:2:84:Infinity:undefined:undefined:undefined:undefined":8,"s:82:2:84:Infinity":13,"s:83:4:83:Infinity":14,"b:86:2:88:Infinity:undefined:undefined:undefined:undefined":9,"s:86:2:88:Infinity":15,"b:86:6:86:23:86:23:86:37":10,"s:87:4:87:Infinity":16,"b:90:2:92:Infinity:undefined:undefined:undefined:undefined":11,"s:90:2:92:Infinity":17,"s:91:4:91:Infinity":18,"s:94:2:94:Infinity":19,"f:104:16:104:32":2,"b:105:2:112:Infinity:undefined:undefined:undefined:undefined":12,"s:105:2:112:Infinity":20,"b:105:6:105:32:105:32:105:49":13,"s:106:21:106:Infinity":21,"b:109:4:111:Infinity:undefined:undefined:undefined:undefined":14,"s:109:4:111:Infinity":22,"b:109:8:109:44:109:44:109:79":15,"s:110:6:110:Infinity":23,"s:114:2:114:Infinity":24}}}
,"/home/runner/work/subcults/subcults/web/src/utils/geojson.ts": {"path":"/home/runner/work/subcults/subcults/web/src/utils/geojson.ts","statementMap":{"0":{"start":{"line":32,"column":2},"end":{"line":34,"column":null}},"1":{"start":{"line":33,"column":4},"end":{"line":33,"column":null}},"2":{"start":{"line":36,"column":17},"end":{"line":36,"column":null}},"3":{"start":{"line":37,"column":16},"end":{"line":37,"column":null}},"4":{"start":{"line":38,"column":15},"end":{"line":38,"column":20}},"5":{"start":{"line":38,"column":29},"end":{"line":38,"column":null}},"6":{"start":{"line":39,"column":15},"end":{"line":39,"column":21}},"7":{"start":{"line":39,"column":30},"end":{"line":39,"column":null}},"8":{"start":{"line":41,"column":2},"end":{"line":72,"column":null}},"9":{"start":{"line":41,"column":15},"end":{"line":41,"column":18}},"10":{"start":{"line":42,"column":17},"end":{"line":42,"column":null}},"11":{"start":{"line":43,"column":16},"end":{"line":43,"column":null}},"12":{"start":{"line":45,"column":4},"end":{"line":47,"column":null}},"13":{"start":{"line":46,"column":6},"end":{"line":46,"column":null}},"14":{"start":{"line":49,"column":4},"end":{"line":71,"column":null}},"15":{"start":{"line":49,"column":17},"end":{"line":49,"column":20}},"16":{"start":{"line":50,"column":19},"end":{"line":50,"column":null}},"17":{"start":{"line":52,"column":6},"end":{"line":68,"column":null}},"18":{"start":{"line":54,"column":14},"end":{"line":54,"column":null}},"19":{"start":{"line":55,"column":8},"end":{"line":59,"column":null}},"20":{"start":{"line":56,"column":10},"end":{"line":56,"column":null}},"21":{"start":{"line":58,"column":10},"end":{"line":58,"column":null}},"22":{"start":{"line":62,"column":14},"end":{"line":62,"column":null}},"23":{"start":{"line":63,"column":8},"end":{"line":67,"column":null}},"24":{"start":{"line":64,"column":10},"end":{"line":64,"column":null}},"25":{"start":{"line":66,"column":10},"end":{"line":66,"column":null}},"26":{"start":{"line":70,"column":6},"end":{"line":70,"column":null}},"27":{"start":{"line":74,"column":2},"end":{"line":77,"column":null}},"28":{"start":{"line":89,"column":2},"end":{"line":100,"column":null}},"29":{"start":{"line":91,"column":4},"end":{"line":93,"column":null}},"30":{"start":{"line":92,"column":6},"end":{"line":92,"column":null}},"31":{"start":{"line":95,"column":4},"end":{"line":97,"column":null}},"32":{"start":{"line":96,"column":6},"end":{"line":96,"column":null}},"33":{"start":{"line":99,"column":4},"end":{"line":99,"column":null}},"34":{"start":{"line":103,"column":2},"end":{"line":105,"column":null}},"35":{"start":{"line":104,"column":4},"end":{"line":104,"column":null}},"36":{"start":{"line":108,"column":2},"end":{"line":110,"column":null}},"37":{"start":{"line":109,"column":4},"end":{"line":109,"column":null}},"38":{"start":{"line":111,"column":2},"end":{"line":111,"column":null}},"39":{"start":{"line":129,"column":63},"end":{"line":129,"column":null}},"40":{"start":{"line":132,"column":2},"end":{"line":159,"column":null}},"41":{"start":{"line":133,"column":17},"end":{"line":133,"column":null}},"42":{"start":{"line":134,"column":32},"end":{"line":134,"column":null}},"43":{"start":{"line":137,"column":4},"end":{"line":139,"column":null}},"44":{"start":{"line":138,"column":6},"end":{"line":138,"column":null}},"45":{"start":{"line":141,"column":4},"end":{"line":158,"column":null}},"46":{"start":{"line":162,"column":2},"end":{"line":186,"column":null}},"47":{"start":{"line":163,"column":17},"end":{"line":163,"column":null}},"48":{"start":{"line":164,"column":32},"end":{"line":164,"column":null}},"49":{"start":{"line":167,"column":4},"end":{"line":169,"column":null}},"50":{"start":{"line":168,"column":6},"end":{"line":168,"column":null}},"51":{"start":{"line":171,"column":4},"end":{"line":185,"column":null}},"52":{"start":{"line":188,"column":2},"end":{"line":191,"column":null}}},"fnMap":{"0":{"name":"decodeGeohash","decl":{"start":{"line":31,"column":16},"end":{"line":31,"column":30}},"loc":{"start":{"line":31,"column":54},"end":{"line":78,"column":null}},"line":31},"1":{"name":"getDisplayCoordinates","decl":{"start":{"line":87,"column":16},"end":{"line":87,"column":38}},"loc":{"start":{"line":87,"column":68},"end":{"line":112,"column":null}},"line":87},"2":{"name":"buildGeoJSON","decl":{"start":{"line":124,"column":16},"end":{"line":124,"column":null}},"loc":{"start":{"line":128,"column":54},"end":{"line":192,"column":null}},"line":128}},"branchMap":{"0":{"loc":{"start":{"line":32,"column":2},"end":{"line":34,"column":null}},"type":"if","locations":[{"start":{"line":32,"column":2},"end":{"line":34,"column":null}},{"start":{},"end":{}}],"line":32},"1":{"loc":{"start":{"line":32,"column":6},"end":{"line":32,"column":40}},"type":"binary-expr","locations":[{"start":{"line":32,"column":6},"end":{"line":32,"column":18}},{"start":{"line":32,"column":18},"end":{"line":32,"column":40}}],"line":32},"2":{"loc":{"start":{"line":45,"column":4},"end":{"line":47,"column":null}},"type":"if","locations":[{"start":{"line":45,"column":4},"end":{"line":47,"column":null}},{"start":{},"end":{}}],"line":45},"3":{"loc":{"start":{"line":52,"column":6},"end":{"line":68,"column":null}},"type":"if","locations":[{"start":{"line":52,"column":6},"end":{"line":68,"column":null}},{"start":{"line":60,"column":13},"end":{"line":68,"column":null}}],"line":52},"4":{"loc":{"start":{"line":55,"column":8},"end":{"line":59,"column":null}},"type":"if","locations":[{"start":{"line":55,"column":8},"end":{"line":59,"column":null}},{"start":{"line":57,"column":15},"end":{"line":59,"column":null}}],"line":55},"5":{"loc":{"start":{"line":63,"column":8},"end":{"line":67,"column":null}},"type":"if","locations":[{"start":{"line":63,"column":8},"end":{"line":67,"column":null}},{"start":{"line":65,"column":15},"end":{"line":67,"column":null}}],"line":63},"6":{"loc":{"start":{"line":89,"column":2},"end":{"line":100,"column":null}},"type":"if","locations":[{"start":{"line":89,"column":2},"end":{"line":100,"column":null}},{"start":{},"end":{}}],"line":89},"7":{"loc":{"start":{"line":91,"column":4},"end":{"line":93,"column":null}},"type":"if","locations":[{"start":{"line":91,"column":4},"end":{"line":93,"column":null}},{"start":{},"end":{}}],"line":91},"8":{"loc":{"start":{"line":91,"column":8},"end":{"line":91,"column":54}},"type":"binary-expr","locations":[{"start":{"line":91,"column":8},"end":{"line":91,"column":32}},{"start":{"line":91,"column":32},"end":{"line":91,"column":54}}],"line":91},"9":{"loc":{"start":{"line":95,"column":4},"end":{"line":97,"column":null}},"type":"if","locations":[{"start":{"line":95,"column":4},"end":{"line":97,"column":null}},{"start":{},"end":{}}],"line":95},"10":{"loc":{"start":{"line":103,"column":2},"end":{"line":105,"column":null}},"type":"if","locations":[{"start":{"line":103,"column":2},"end":{"line":105,"column":null}},{"start":{},"end":{}}],"line":103},"11":{"loc":{"start":{"line":103,"column":6},"end":{"line":103,"column":52}},"type":"binary-expr","locations":[{"start":{"line":103,"column":6},"end":{"line":103,"column":30}},{"start":{"line":103,"column":30},"end":{"line":103,"column":52}}],"line":103},"12":{"loc":{"start":{"line":108,"column":2},"end":{"line":110,"column":null}},"type":"if","locations":[{"start":{"line":108,"column":2},"end":{"line":110,"column":null}},{"start":{},"end":{}}],"line":108},"13":{"loc":{"start":{"line":125,"column":2},"end":{"line":125,"column":null}},"type":"default-arg","locations":[{"start":{"line":125,"column":20},"end":{"line":125,"column":null}}],"line":125},"14":{"loc":{"start":{"line":126,"column":2},"end":{"line":126,"column":null}},"type":"default-arg","locations":[{"start":{"line":126,"column":20},"end":{"line":126,"column":null}}],"line":126},"15":{"loc":{"start":{"line":127,"column":2},"end":{"line":127,"column":null}},"type":"default-arg","locations":[{"start":{"line":127,"column":26},"end":{"line":127,"column":null}}],"line":127},"16":{"loc":{"start":{"line":134,"column":32},"end":{"line":134,"column":null}},"type":"binary-expr","locations":[{"start":{"line":134,"column":32},"end":{"line":134,"column":48}},{"start":{"line":134,"column":32},"end":{"line":134,"column":null}}],"line":134},"17":{"loc":{"start":{"line":137,"column":4},"end":{"line":139,"column":null}},"type":"if","locations":[{"start":{"line":137,"column":4},"end":{"line":139,"column":null}},{"start":{},"end":{}}],"line":137},"18":{"loc":{"start":{"line":164,"column":32},"end":{"line":164,"column":null}},"type":"binary-expr","locations":[{"start":{"line":164,"column":32},"end":{"line":164,"column":48}},{"start":{"line":164,"column":32},"end":{"line":164,"column":null}}],"line":164},"19":{"loc":{"start":{"line":167,"column":4},"end":{"line":169,"column":null}},"type":"if","locations":[{"start":{"line":167,"column":4},"end":{"line":169,"column":null}},{"start":{},"end":{}}],"line":167}},"s":{"0":18040,"1":1,"2":18039,"3":18039,"4":18039,"5":18039,"6":18039,"7":18039,"8":18039,"9":18039,"10":90193,"11":90193,"12":90193,"13":1,"14":90192,"15":90192,"16":450960,"17":450960,"18":234499,"19":234499,"20":108227,"21":126272,"22":216461,"23":216461,"24":144305,"25":72156,"26":450960,"27":18038,"28":31028,"29":15008,"30":4981,"31":10027,"32":10026,"33":1,"34":16020,"35":8009,"36":8011,"37":1,"38":8010,"39":25,"40":25,"41":16016,"42":16016,"43":16016,"44":8006,"45":16016,"46":25,"47":15005,"48":15005,"49":15005,"50":10025,"51":15005,"52":25},"f":{"0":18040,"1":31028,"2":25},"b":{"0":[1,18039],"1":[18040,18039],"2":[1,90192],"3":[234499,216461],"4":[108227,126272],"5":[144305,72156],"6":[15008,16020],"7":[4981,10027],"8":[15008,4981],"9":[10026,1],"10":[8009,8011],"11":[16020,8010],"12":[1,8010],"13":[25],"14":[25],"15":[25],"16":[16016,16014],"17":[8006,8010],"18":[15005,15005],"19":[10025,4980]},"meta":{"lastBranch":20,"lastFunction":3,"lastStatement":53,"seen":{"f:31:16:31:30":0,"b:32:2:34:Infinity:undefined:undefined:undefined:undefined":0,"s:32:2:34:Infinity":0,"b:32:6:32:18:32:18:32:40":1,"s:33:4:33:Infinity":1,"s:36:17:36:Infinity":2,"s:37:16:37:Infinity":3,"s:38:15:38:20":4,"s:38:29:38:Infinity":5,"s:39:15:39:21":6,"s:39:30:39:Infinity":7,"s:41:2:72:Infinity":8,"s:41:15:41:18":9,"s:42:17:42:Infinity":10,"s:43:16:43:Infinity":11,"b:45:4:47:Infinity:undefined:undefined:undefined:undefined":2,"s:45:4:47:Infinity":12,"s:46:6:46:Infinity":13,"s:49:4:71:Infinity":14,"s:49:17:49:20":15,"s:50:19:50:Infinity":16,"b:52:6:68:Infinity:60:13:68:Infinity":3,"s:52:6:68:Infinity":17,"s:54:14:54:Infinity":18,"b:55:8:59:Infinity:57:15:59:Infinity":4,"s:55:8:59:Infinity":19,"s:56:10:56:Infinity":20,"s:58:10:58:Infinity":21,"s:62:14:62:Infinity":22,"b:63:8:67:Infinity:65:15:67:Infinity":5,"s:63:8:67:Infinity":23,"s:64:10:64:Infinity":24,"s:66:10:66:Infinity":25,"s:70:6:70:Infinity":26,"s:74:2:77:Infinity":27,"f:87:16:87:38":1,"b:89:2:100:Infinity:undefined:undefined:undefined:undefined":6,"s:89:2:100:Infinity":28,"b:91:4:93:Infinity:undefined:undefined:undefined:undefined":7,"s:91:4:93:Infinity":29,"b:91:8:91:32:91:32:91:54":8,"s:92:6:92:Infinity":30,"b:95:4:97:Infinity:undefined:undefined:undefined:undefined":9,"s:95:4:97:Infinity":31,"s:96:6:96:Infinity":32,"s:99:4:99:Infinity":33,"b:103:2:105:Infinity:undefined:undefined:undefined:undefined":10,"s:103:2:105:Infinity":34,"b:103:6:103:30:103:30:103:52":11,"s:104:4:104:Infinity":35,"b:108:2:110:Infinity:undefined:undefined:undefined:undefined":12,"s:108:2:110:Infinity":36,"s:109:4:109:Infinity":37,"s:111:2:111:Infinity":38,"f:124:16:124:Infinity":2,"b:125:20:125:Infinity":13,"b:126:20:126:Infinity":14,"b:127:26:127:Infinity":15,"s:129:63:129:Infinity":39,"s:132:2:159:Infinity":40,"s:133:17:133:Infinity":41,"s:134:32:134:Infinity":42,"b:134:32:134:48:134:32:134:Infinity":16,"b:137:4:139:Infinity:undefined:undefined:undefined:undefined":17,"s:137:4:139:Infinity":43,"s:138:6:138:Infinity":44,"s:141:4:158:Infinity":45,"s:162:2:186:Infinity":46,"s:163:17:163:Infinity":47,"s:164:32:164:Infinity":48,"b:164:32:164:48:164:32:164:Infinity":18,"b:167:4:169:Infinity:undefined:undefined:undefined:undefined":19,"s:167:4:169:Infinity":49,"s:168:6:168:Infinity":50,"s:171:4:185:Infinity":51,"s:188:2:191:Infinity":52}}}
,"/home/runner/work/subcults/subcults/web/src/utils/jitter.ts": {"path":"/home/runner/work/subcults/subcults/web/src/utils/jitter.ts","statementMap":{"0":{"start":{"line":11,"column":44},"end":{"line":11,"column":null}},"1":{"start":{"line":16,"column":30},"end":{"line":16,"column":null}},"2":{"start":{"line":26,"column":13},"end":{"line":26,"column":null}},"3":{"start":{"line":28,"column":2},"end":{"line":31,"column":null}},"4":{"start":{"line":28,"column":15},"end":{"line":28,"column":18}},"5":{"start":{"line":29,"column":4},"end":{"line":29,"column":null}},"6":{"start":{"line":30,"column":4},"end":{"line":30,"column":null}},"7":{"start":{"line":33,"column":2},"end":{"line":33,"column":null}},"8":{"start":{"line":49,"column":16},"end":{"line":49,"column":null}},"9":{"start":{"line":50,"column":16},"end":{"line":50,"column":null}},"10":{"start":{"line":54,"column":16},"end":{"line":54,"column":null}},"11":{"start":{"line":55,"column":16},"end":{"line":55,"column":null}},"12":{"start":{"line":59,"column":16},"end":{"line":59,"column":null}},"13":{"start":{"line":60,"column":17},"end":{"line":60,"column":null}},"14":{"start":{"line":63,"column":24},"end":{"line":63,"column":null}},"15":{"start":{"line":64,"column":24},"end":{"line":64,"column":null}},"16":{"start":{"line":68,"column":20},"end":{"line":68,"column":null}},"17":{"start":{"line":72,"column":24},"end":{"line":72,"column":null}},"18":{"start":{"line":74,"column":2},"end":{"line":74,"column":null}},"19":{"start":{"line":100,"column":35},"end":{"line":100,"column":null}},"20":{"start":{"line":104,"column":21},"end":{"line":104,"column":null}},"21":{"start":{"line":109,"column":26},"end":{"line":109,"column":null}},"22":{"start":{"line":111,"column":2},"end":{"line":114,"column":null}},"23":{"start":{"line":125,"column":2},"end":{"line":125,"column":null}},"24":{"start":{"line":144,"column":12},"end":{"line":144,"column":null}},"25":{"start":{"line":145,"column":14},"end":{"line":145,"column":null}},"26":{"start":{"line":146,"column":14},"end":{"line":146,"column":null}},"27":{"start":{"line":147,"column":8},"end":{"line":147,"column":null}},"28":{"start":{"line":148,"column":8},"end":{"line":148,"column":null}},"29":{"start":{"line":151,"column":4},"end":{"line":152,"column":null}},"30":{"start":{"line":153,"column":12},"end":{"line":153,"column":null}},"31":{"start":{"line":155,"column":2},"end":{"line":155,"column":null}}},"fnMap":{"0":{"name":"simpleHash","decl":{"start":{"line":25,"column":9},"end":{"line":25,"column":20}},"loc":{"start":{"line":25,"column":41},"end":{"line":34,"column":null}},"line":25},"1":{"name":"calculateJitterOffset","decl":{"start":{"line":44,"column":16},"end":{"line":44,"column":null}},"loc":{"start":{"line":47,"column":44},"end":{"line":75,"column":null}},"line":47},"2":{"name":"applyJitter","decl":{"start":{"line":94,"column":16},"end":{"line":94,"column":null}},"loc":{"start":{"line":99,"column":32},"end":{"line":115,"column":null}},"line":99},"3":{"name":"shouldApplyJitter","decl":{"start":{"line":124,"column":16},"end":{"line":124,"column":34}},"loc":{"start":{"line":124,"column":66},"end":{"line":126,"column":null}},"line":124},"4":{"name":"haversineDistance","decl":{"start":{"line":138,"column":16},"end":{"line":138,"column":null}},"loc":{"start":{"line":143,"column":10},"end":{"line":156,"column":null}},"line":143}},"branchMap":{"0":{"loc":{"start":{"line":46,"column":2},"end":{"line":46,"column":null}},"type":"default-arg","locations":[{"start":{"line":46,"column":25},"end":{"line":46,"column":null}}],"line":46},"1":{"loc":{"start":{"line":98,"column":2},"end":{"line":98,"column":null}},"type":"default-arg","locations":[{"start":{"line":98,"column":25},"end":{"line":98,"column":null}}],"line":98}},"s":{"0":5,"1":5,"2":38504,"3":38504,"4":38504,"5":526722,"6":526722,"7":38504,"8":19252,"9":19252,"10":19252,"11":19252,"12":19252,"13":19252,"14":19252,"15":19252,"16":19252,"17":19252,"18":19252,"19":19046,"20":19046,"21":19046,"22":19046,"23":31021,"24":1007,"25":1007,"26":1007,"27":1007,"28":1007,"29":1007,"30":1007,"31":1007},"f":{"0":38504,"1":19252,"2":19046,"3":31021,"4":1007},"b":{"0":[19252],"1":[19046]},"meta":{"lastBranch":2,"lastFunction":5,"lastStatement":32,"seen":{"s:11:44:11:Infinity":0,"s:16:30:16:Infinity":1,"f:25:9:25:20":0,"s:26:13:26:Infinity":2,"s:28:2:31:Infinity":3,"s:28:15:28:18":4,"s:29:4:29:Infinity":5,"s:30:4:30:Infinity":6,"s:33:2:33:Infinity":7,"f:44:16:44:Infinity":1,"b:46:25:46:Infinity":0,"s:49:16:49:Infinity":8,"s:50:16:50:Infinity":9,"s:54:16:54:Infinity":10,"s:55:16:55:Infinity":11,"s:59:16:59:Infinity":12,"s:60:17:60:Infinity":13,"s:63:24:63:Infinity":14,"s:64:24:64:Infinity":15,"s:68:20:68:Infinity":16,"s:72:24:72:Infinity":17,"s:74:2:74:Infinity":18,"f:94:16:94:Infinity":2,"b:98:25:98:Infinity":1,"s:100:35:100:Infinity":19,"s:104:21:104:Infinity":20,"s:109:26:109:Infinity":21,"s:111:2:114:Infinity":22,"f:124:16:124:34":3,"s:125:2:125:Infinity":23,"f:138:16:138:Infinity":4,"s:144:12:144:Infinity":24,"s:145:14:145:Infinity":25,"s:146:14:146:Infinity":26,"s:147:8:147:Infinity":27,"s:148:8:148:Infinity":28,"s:151:4:152:Infinity":29,"s:153:12:153:Infinity":30,"s:155:2:155:Infinity":31}}}
}
